<<<<<<< HEAD
[INFO] 22:45:57:884 Memoria/(4375:4375): Servidor listo para recibir al cliente
[INFO] 09:49:07:21 Memoria/(5198:5198): Servidor listo para recibir al cliente
[INFO] 14:11:20:469 Memoria/(10723:10723): Servidor listo para recibir al cliente
[ERROR] 14:15:45:526 Memoria/(10723:10723): el cliente se desconecto. Terminando servidor
[INFO] 14:17:08:400 Memoria/(10908:10908): Servidor listo para recibir al cliente
[ERROR] 14:17:23:943 Memoria/(10908:10908): el cliente se desconecto. Terminando servidor
[INFO] 14:31:13:335 Memoria/(11046:11046): Servidor listo para recibir al cliente
[ERROR] 14:32:07:412 Memoria/(11046:11046): el cliente se desconecto. Terminando servidor
[INFO] 14:42:47:451 Memoria/(11268:11268): Servidor listo para recibir al cliente
[ERROR] 14:43:30:923 Memoria/(11268:11268): el cliente se desconecto. Terminando servidor
[INFO] 14:46:34:697 Memoria/(11468:11468): Servidor listo para recibir al cliente
[ERROR] 14:46:40:254 Memoria/(11468:11468): el cliente se desconecto. Terminando servidor
[INFO] 14:47:47:532 Memoria/(11553:11553): Servidor listo para recibir al cliente
[ERROR] 14:48:01:542 Memoria/(11553:11553): el cliente se desconecto. Terminando servidor
[INFO] 14:48:51:2 Memoria/(11647:11647): Servidor listo para recibir al cliente
[ERROR] 14:49:08:416 Memoria/(11647:11647): el cliente se desconecto. Terminando servidor
[INFO] 14:57:42:531 Memoria/(11851:11851): Servidor listo para recibir al cliente
[INFO] 14:58:02:693 Memoria/(11851:11851): Me llego un SELECT
[INFO] 14:59:21:86 Memoria/(11974:11974): Servidor listo para recibir al cliente
[INFO] 14:59:28:478 Memoria/(11974:11974): Me llego un SELECT
[INFO] 14:59:54:583 Memoria/(12014:12014): Servidor listo para recibir al cliente
[INFO] 15:00:02:222 Memoria/(12014:12014): Me llego un INSERT
[INFO] 15:07:34:309 Memoria/(12213:12213): Servidor listo para recibir al cliente
[INFO] 15:11:30:743 Memoria/(12213:12213): Me llego un SELECT
[INFO] 15:14:34:917 Memoria/(12358:12358): Servidor listo para recibir al cliente
[INFO] 15:14:48:156 Memoria/(12358:12358): Me llego un SELECT
[INFO] 15:20:09:743 Memoria/(12577:12577): Servidor listo para recibir al cliente
[INFO] 15:20:47:886 Memoria/(12577:12577): Me llego un SELECT
[INFO] 15:21:58:651 Memoria/(12701:12701): Servidor listo para recibir al cliente
[INFO] 15:22:17:308 Memoria/(12701:12701): Me llego un SELECT
[INFO] 16:03:28:681 Memoria/(13720:13720): Servidor listo para recibir al cliente
[WARNING] 16:03:51:920 Memoria/(13720:13720): Operacion desconocida. No quieras meter la pata
[INFO] 16:59:11:53 Memoria/(14496:14496): Servidor listo para recibir al cliente
[INFO] 16:59:59:974 Memoria/(14496:14496): Me llego un SELECT
[INFO] 17:00:19:25 Memoria/(14519:14519): Servidor listo para recibir al cliente
[INFO] 17:01:24:164 Memoria/(14519:14519): Me llego un INSERT
[INFO] 17:52:41:60 Memoria/(4213:4213): Servidor listo para recibir al cliente
[INFO] 19:01:54:439 Memoria/(8539:8539): Servidor listo para recibir al cliente
[INFO] 19:01:54:439 Memoria/(8539:8539): Me llego un SELECT
[INFO] 19:18:44:166 Memoria/(9712:9712): Servidor listo para recibir al cliente
[INFO] 19:18:44:166 Memoria/(9712:9712): Me llego un SELECT
[INFO] 19:22:41:993 Memoria/(10226:10226): Servidor listo para recibir al cliente
[INFO] 19:22:41:994 Memoria/(10226:10226): Me llego un SELECT
[INFO] 11:18:54:676 Memoria/(12133:12133): Servidor listo para recibir al cliente
[INFO] 11:23:15:253 Memoria/(12332:12332): Servidor listo para recibir al cliente
[INFO] 17:28:13:55 Memoria/(20981:20981): Servidor listo para recibir al cliente
[INFO] 17:29:31:399 Memoria/(21086:21086): Servidor listo para recibir al cliente
[INFO] 17:55:43:126 Memoria/(22385:22385): Servidor listo para recibir al cliente
[INFO] 10:08:09:180 Memoria/(11092:11098): Memoria lista para recibir al kernel
[INFO] 10:08:49:278 Memoria/(11111:11117): Memoria lista para recibir al kernel
[INFO] 10:09:09:530 Memoria/(11111:11118): Antes de enviar mensaje
[INFO] 10:09:09:530 Memoria/(11111:11118): despues de enviar mensaje
[INFO] 10:09:09:531 Memoria/(11111:11118): Me respuesta, del SELECT, de LFS
[INFO] 10:09:58:138 Memoria/(11111:11118): Antes de enviar mensaje
[INFO] 10:09:58:138 Memoria/(11111:11118): despues de enviar mensaje
[INFO] 10:12:00:158 Memoria/(11165:11180): Memoria lista para recibir al kernel
=======
>>>>>>> master
[INFO] 16:40:45:926 Memoria/(24752:24752): SE CONECTO CN LFS
[INFO] 16:40:45:936 Memoria/(24752:24760): Vamos a leer de consola
[INFO] 16:40:45:936 Memoria/(24752:24762): Memoria lista para recibir al kernel
[INFO] 16:42:43:989 Memoria/(24838:24838): SE CONECTO CN LFS
[INFO] 16:42:44:3 Memoria/(24838:24852): Vamos a leer de consola
[INFO] 16:42:44:12 Memoria/(24838:24853): Memoria lista para recibir al kernel
[INFO] 16:44:07:399 Memoria/(24927:24927): SE CONECTO CN LFS
[INFO] 16:44:07:405 Memoria/(24927:24937): Vamos a leer de consola
[INFO] 16:44:07:409 Memoria/(24927:24938): Memoria lista para recibir al kernel
[INFO] 17:44:53:606 Memoria/(26034:26034): SE CONECTO CN LFS
[INFO] 17:44:53:615 Memoria/(26034:26047): Vamos a leer de consola
[INFO] 17:44:53:617 Memoria/(26034:26048): Memoria lista para recibir al kernel
[INFO] 18:27:16:648 Memoria/(26951:26951): SE CONECTO CN LFS
[INFO] 18:27:16:662 Memoria/(26951:26963): Vamos a leer de consola
[INFO] 18:27:16:666 Memoria/(26951:26965): Memoria lista para recibir al kernel
[INFO] 03:28:25:188 Memoria/(17244:17244): SE CONECTO CN LFS
[INFO] 03:28:25:240 Memoria/(17244:17288): Vamos a leer de consola
[INFO] 03:28:25:256 Memoria/(17244:17289): Memoria lista para recibir al kernel
[INFO] 03:28:53:406 Memoria/(17244:17288): entre a interpretarr request
[INFO] 03:28:53:407 Memoria/(17244:17288): Me llego un SELECT
[INFO] 03:28:57:427 Memoria/(17244:17288): ME LO TIENE QUE DECIR LFS
[INFO] 03:29:05:124 Memoria/(17244:17288): La respuesta a: SELECT tabla564 5 no es valida, TABLA INEXISTENTE
[INFO] 03:30:18:293 Memoria/(17244:17288): entre a interpretarr request
[INFO] 03:30:18:293 Memoria/(17244:17288): Me llego un SELECT
[INFO] 03:30:37:46 Memoria/(17244:17288): ME LO TIENE QUE DECIR LFS
[INFO] 10:12:30:417 Memoria/(7928:7953): Vamos a leer de consola
[INFO] 10:12:30:419 Memoria/(7928:7954): Memoria lista para recibir al kernel
[INFO] 10:13:08:232 Memoria/(7928:7954): entre a interpretarr request
[INFO] 10:13:08:232 Memoria/(7928:7954): Me llego un SELECT
[INFO] 10:13:08:232 Memoria/(7928:7954): ME LO TIENE QUE DECIR LFS
[INFO] 10:13:55:106 Memoria/(7928:7954): entre a interpretarr request
[INFO] 10:13:56:316 Memoria/(7928:7954): Me llego un SELECT
[INFO] 10:13:56:761 Memoria/(7928:7954): LO ENCONTRE EN CACHEE!
[INFO] 10:14:44:396 Memoria/(7928:7954): entre a interpretarr request
[INFO] 10:14:45:369 Memoria/(7928:7954): Me llego un SELECT
[INFO] 10:14:45:905 Memoria/(7928:7954): LO ENCONTRE EN CACHEE!
[INFO] 10:20:12:382 Memoria/(8417:8417): SE CONECTO CN LFS
[INFO] 10:20:12:392 Memoria/(8417:8429): Vamos a leer de consola
[INFO] 10:20:12:398 Memoria/(8417:8430): Memoria lista para recibir al kernel
[INFO] 10:20:57:825 Memoria/(8417:8430): entre a interpretarr request
[INFO] 10:20:57:825 Memoria/(8417:8430): Me llego un SELECT
[INFO] 10:20:57:825 Memoria/(8417:8430): LO ENCONTRE EN CACHEE!
[INFO] 10:22:09:224 Memoria/(8559:8559): SE CONECTO CN LFS
[INFO] 10:22:09:229 Memoria/(8559:8570): Vamos a leer de consola
[INFO] 10:22:09:232 Memoria/(8559:8571): Memoria lista para recibir al kernel
[INFO] 10:22:46:865 Memoria/(8559:8571): entre a interpretarr request
[INFO] 10:22:46:866 Memoria/(8559:8571): Me llego un SELECT
[INFO] 10:22:46:866 Memoria/(8559:8571): LO ENCONTRE EN CACHEE!
[INFO] 10:23:22:608 Memoria/(8676:8676): SE CONECTO CN LFS
[INFO] 10:23:22:614 Memoria/(8676:8686): Vamos a leer de consola
[INFO] 10:23:22:626 Memoria/(8676:8687): Memoria lista para recibir al kernel
[INFO] 10:24:14:394 Memoria/(8776:8776): SE CONECTO CN LFS
[INFO] 10:24:14:412 Memoria/(8776:8786): Vamos a leer de consola
[INFO] 10:24:14:418 Memoria/(8776:8787): Memoria lista para recibir al kernel
[INFO] 10:24:51:726 Memoria/(8776:8787): entre a interpretarr request
[INFO] 10:24:55:787 Memoria/(8776:8787): Me llego un SELECT
[INFO] 10:25:45:871 Memoria/(8776:8787): LO ENCONTRE EN CACHEE!
[INFO] 10:29:52:410 Memoria/(9149:9149): SE CONECTO CN LFS
[INFO] 10:29:52:416 Memoria/(9149:9164): Vamos a leer de consola
[INFO] 10:29:52:424 Memoria/(9149:9165): Memoria lista para recibir al kernel
[INFO] 10:30:06:429 Memoria/(9149:9165): entre a interpretarr request
[INFO] 10:30:06:429 Memoria/(9149:9165): Me llego un SELECT
[INFO] 10:30:06:429 Memoria/(9149:9165): LO ENCONTRE EN CACHEE!
[INFO] 10:30:12:667 Memoria/(9149:9165): entre a interpretarr request
[INFO] 10:30:12:667 Memoria/(9149:9165): Me llego un SELECT
[INFO] 10:30:12:667 Memoria/(9149:9165): LO ENCONTRE EN CACHEE!
[INFO] 10:30:24:887 Memoria/(9149:9165): entre a interpretarr request
[INFO] 10:30:24:887 Memoria/(9149:9165): Me llego un SELECT
[INFO] 10:30:24:887 Memoria/(9149:9165): LO ENCONTRE EN CACHEE!
[INFO] 10:30:39:730 Memoria/(9149:9165): entre a interpretarr request
[ERROR] 10:30:39:730 Memoria/(9149:9165): el cliente se desconecto. Terminando servidor
[INFO] 21:06:31:841 Memoria/(5911:5911): SE CONECTO CN LFS
[INFO] 21:06:31:845 Memoria/(5911:5921): Vamos a leer de consola
[INFO] 21:06:31:852 Memoria/(5911:5922): Memoria lista para recibir al kernel
[INFO] 21:08:30:291 Memoria/(5911:5922): entre a interpretarr request
[INFO] 21:08:30:291 Memoria/(5911:5922): Me llego un CREATE
[INFO] 21:11:53:445 Memoria/(5911:5922): entre a interpretarr request
[ERROR] 21:11:53:445 Memoria/(5911:5922): el cliente se desconecto. Terminando servidor
[INFO] 14:55:46:635 Memoria/(13862:13862): SE CONECTO CN LFS
[INFO] 14:55:46:643 Memoria/(13862:13927): Vamos a leer de consola
[INFO] 14:55:46:647 Memoria/(13862:13928): Memoria lista para recibir al kernel
[INFO] 15:17:31:754 Memoria/(15166:15166): SE CONECTO CN LFS
[INFO] 15:17:31:763 Memoria/(15166:15176): Vamos a leer de consola
[INFO] 15:17:31:772 Memoria/(15166:15177): Memoria lista para recibir al kernel
[INFO] 20:43:04:307 Memoria/(20625:20625): SE CONECTO CON LFS
[INFO] 20:43:04:311 Memoria/(20625:20625): Recibi de LFS TAMAÑO_VALUE: 255
[INFO] 20:43:04:312 Memoria/(20625:20625): INICIO DE MEMORIA
[INFO] 20:43:04:335 Memoria/(20625:20636): Vamos a leer de consola
[INFO] 20:43:04:355 Memoria/(20625:20637): Memoria lista para recibir al kernel
[INFO] 20:43:20:648 Memoria/(20625:20636): entre a interpretarr request
[DEBUG] 20:43:20:656 Memoria/(20625:20636): Me llego un CREATE
[INFO] 20:43:21:261 Memoria/(20625:20636): NO EXISTE EL SEGMENTO
[INFO] 20:43:21:262 Memoria/(20625:20636): La request: CREATE TABLAFLACO SC 3 60000 se ha realizado con exito
[INFO] 20:43:33:963 Memoria/(20625:20636): entre a interpretarr request
[DEBUG] 20:43:33:977 Memoria/(20625:20636): Me llego un INSERT
[INFO] 20:43:44:207 Memoria/(20625:20636): La request: INSERT ABLAFLACO 1 "Hola" se ha realizado con exito
[INFO] 20:44:21:78 Memoria/(20625:20636): entre a interpretarr request
[DEBUG] 20:44:21:79 Memoria/(20625:20636): Me llego un SELECT
[INFO] 20:44:21:79 Memoria/(20625:20636): ME LO TIENE QUE DECIR LFS
[INFO] 20:44:21:682 Memoria/(20625:20636): La respuesta a: SELECT TABLAFLACO 1 no es valida, KEY INEXISTENTE
[INFO] 20:45:04:493 Memoria/(20625:20636): entre a interpretarr request
[DEBUG] 20:45:04:493 Memoria/(20625:20636): Me llego un SELECT
[INFO] 20:45:04:493 Memoria/(20625:20636): ME LO TIENE QUE DECIR LFS
[INFO] 20:45:05:115 Memoria/(20625:20636): La respuesta a: SELECT TABLAFLACO 1 no es valida, KEY INEXISTENTE
[INFO] 20:52:45:585 Memoria/(20734:20734): SE CONECTO CON LFS
[INFO] 20:52:45:591 Memoria/(20734:20734): Recibi de LFS TAMAÑO_VALUE: 255
[INFO] 20:52:45:591 Memoria/(20734:20734): INICIO DE MEMORIA
[INFO] 20:52:45:594 Memoria/(20734:20742): Vamos a leer de consola
[INFO] 20:52:45:605 Memoria/(20734:20743): Memoria lista para recibir al kernel
[INFO] 20:53:04:743 Memoria/(20734:20742): entre a interpretarr request
[DEBUG] 20:53:04:746 Memoria/(20734:20742): Me llego un CREATE
[INFO] 20:53:05:359 Memoria/(20734:20742): NO EXISTE EL SEGMENTO
[INFO] 20:53:05:370 Memoria/(20734:20742): La request: CREATE TABLA001 SC 3 60000 se ha realizado con exito
[INFO] 20:53:24:952 Memoria/(20734:20742): entre a interpretarr request
[DEBUG] 20:53:24:958 Memoria/(20734:20742): Me llego un INSERT
[INFO] 20:53:31:530 Memoria/(20734:20742): La request: INSERT TABLA0001 1 "AAH" se ha realizado con exito
[ERROR] 20:53:59:463 Memoria/(20734:20742): Cantidad de parametros invalidos para la request ingresada
[INFO] 20:54:09:734 Memoria/(20734:20742): entre a interpretarr request
[DEBUG] 20:54:09:735 Memoria/(20734:20742): Me llego un SELECT
[INFO] 20:54:09:736 Memoria/(20734:20742): ME LO TIENE QUE DECIR LFS
[INFO] 20:54:10:387 Memoria/(20734:20742): La respuesta a: SELECT TABLA001 1 no es valida, KEY INEXISTENTE
[INFO] 20:54:23:200 Memoria/(20734:20742): entre a interpretarr request
[DEBUG] 20:54:23:213 Memoria/(20734:20742): Me llego un INSERT
[INFO] 20:54:28:296 Memoria/(20734:20742): La request: INSERT TABLA001 1 "AHA" se ha realizado con exito
[INFO] 20:54:39:135 Memoria/(20734:20742): entre a interpretarr request
[DEBUG] 20:54:39:139 Memoria/(20734:20742): Me llego un SELECT
[INFO] 20:54:39:139 Memoria/(20734:20742): LO ENCONTRE EN CACHEE!
[INFO] 20:54:39:144 Memoria/(20734:20742): La respuesta a la request: SELECT TABLA001 1 es: AHA
[INFO] 20:54:57:487 Memoria/(20734:20742): entre a interpretarr request
[DEBUG] 20:54:57:490 Memoria/(20734:20742): Me llego un INSERT
[INFO] 09:42:29:26 Memoria/(20905:20905): SE CONECTO CON LFS
[INFO] 09:42:29:27 Memoria/(20905:20905): Recibi de LFS TAMAÑO_VALUE: 255
[INFO] 09:42:29:27 Memoria/(20905:20905): INICIO DE MEMORIA
[INFO] 09:42:29:35 Memoria/(20905:20922): Vamos a leer de consola
[INFO] 09:42:29:49 Memoria/(20905:20923): Memoria lista para recibir al kernel
[ERROR] 09:42:47:143 Memoria/(20905:20922): Cantidad de parametros invalidos para la request ingresada
[INFO] 09:43:03:927 Memoria/(20905:20922): entre a interpretarr request
[DEBUG] 09:43:03:935 Memoria/(20905:20922): Me llego un CREATE
[INFO] 09:43:04:549 Memoria/(20905:20922): NO EXISTE EL SEGMENTO
[INFO] 09:43:04:552 Memoria/(20905:20922): La request: CREATE TABLA002 SC 3 60000 se ha realizado con exito
[INFO] 09:43:33:602 Memoria/(20905:20922): entre a interpretarr request
[DEBUG] 09:43:33:607 Memoria/(20905:20922): Me llego un INSERT
[INFO] 09:43:38:892 Memoria/(20905:20922): La request: INSERT TABLA002 1 "Hola" se ha realizado con exito
[INFO] 09:44:29:902 Memoria/(20905:20922): entre a interpretarr request
[DEBUG] 09:44:29:902 Memoria/(20905:20922): Me llego un SELECT
[INFO] 09:44:29:903 Memoria/(20905:20922): LO ENCONTRE EN CACHEE!
[INFO] 09:44:29:903 Memoria/(20905:20922): La respuesta a la request: SELECT TABLA002 1 es: Hola
[INFO] 09:49:50:88 Memoria/(21272:21272): SE CONECTO CON LFS
[INFO] 09:49:50:91 Memoria/(21272:21272): Recibi de LFS TAMAÑO_VALUE: 255
[INFO] 09:49:50:91 Memoria/(21272:21272): INICIO DE MEMORIA
[INFO] 09:49:50:100 Memoria/(21272:21299): Vamos a leer de consola
[INFO] 09:49:50:114 Memoria/(21272:21300): Memoria lista para recibir al kernel
[INFO] 09:50:42:67 Memoria/(21272:21299): entre a interpretarr request
[DEBUG] 09:50:42:95 Memoria/(21272:21299): Me llego un CREATE
[INFO] 09:50:42:704 Memoria/(21272:21299): NO EXISTE EL SEGMENTO
[INFO] 09:50:42:704 Memoria/(21272:21299): La request: CREATE TABLA003 SC 3 60000 se ha realizado con exito
[INFO] 09:51:13:388 Memoria/(21272:21299): entre a interpretarr request
[DEBUG] 09:51:13:394 Memoria/(21272:21299): Me llego un INSERT
[INFO] 09:51:22:262 Memoria/(21272:21299): La request: INSERT TABLA003 1 "Hola" se ha realizado con exito
[INFO] 09:51:34:684 Memoria/(21272:21299): entre a interpretarr request
[DEBUG] 09:51:34:694 Memoria/(21272:21299): Me llego un SELECT
[INFO] 09:51:34:694 Memoria/(21272:21299): LO ENCONTRE EN CACHEE!
[INFO] 09:51:34:694 Memoria/(21272:21299): La respuesta a la request: SELECT TABLA003 1 es: Hola
[INFO] 09:51:47:119 Memoria/(21272:21299): entre a interpretarr request
[DEBUG] 09:51:47:124 Memoria/(21272:21299): Me llego un INSERT
[INFO] 10:08:37:832 Memoria/(21423:21423): SE CONECTO CON LFS
[INFO] 10:08:37:832 Memoria/(21423:21423): Recibi de LFS TAMAÑO_VALUE: 255
[INFO] 10:08:37:832 Memoria/(21423:21423): INICIO DE MEMORIA
[INFO] 10:08:37:836 Memoria/(21423:21462): Vamos a leer de consola
[INFO] 10:08:37:844 Memoria/(21423:21463): Memoria lista para recibir al kernel
[INFO] 10:08:52:225 Memoria/(21423:21462): entre a interpretarr request
[DEBUG] 10:08:52:229 Memoria/(21423:21462): Me llego un CREATE
[INFO] 10:08:52:858 Memoria/(21423:21462): NO EXISTE EL SEGMENTO
[INFO] 10:08:52:862 Memoria/(21423:21462): La request: CREATE TABLA004 SC 3 60000 se ha realizado con exito
[INFO] 10:09:12:554 Memoria/(21423:21462): entre a interpretarr request
[DEBUG] 10:09:12:555 Memoria/(21423:21462): Me llego un INSERT
