[INFO] 13:22:53:603 Kernel/(13024:13024): ----------------INICIO DE KERNEL--------------
[INFO] 13:24:59:276 Kernel/(13024:13055): handshake llego ip 1 puerto 4 

[INFO] 13:25:07:35 Kernel/(13024:13055): handshake llego ip  2 puerto  5 

[INFO] 13:25:07:35 Kernel/(13024:13055): handshake llego ip  3 puerto  6 

[INFO] 15:00:00:376 Kernel/(14249:14249): ----------------INICIO DE KERNEL--------------
[INFO] 15:15:35:654 Kernel/(14928:14928): ----------------INICIO DE KERNEL--------------
[INFO] 15:16:06:979 Kernel/(15006:15006): ----------------INICIO DE KERNEL--------------
[INFO] 15:16:46:273 Kernel/(15091:15091): ----------------INICIO DE KERNEL--------------
[INFO] 22:42:05:243 Kernel/(6313:6313): ----------------INICIO DE KERNEL--------------
[INFO] 22:44:02:922 Kernel/(6313:6363): la memoria es 1 y estoy en la 1 con ip 127.0.0.1
[INFO] 22:44:02:922 Kernel/(6313:6363): la memoria es 1 y estoy en la 1 con ip 127.0.0.1
[INFO] 22:44:02:922 Kernel/(6313:6363): la memoria es 1 y estoy en la 1 con ip 127.0.0.1
[INFO] 22:44:02:922 Kernel/(6313:6363): la memoria es 1 y estoy en la 1 con ip 127.0.0.1
[ERROR] 22:44:20:893 Kernel/(6313:6363): rompi
[INFO] 22:45:11:401 Kernel/(6313:6394): la memoria es 1 y estoy en la 1 con ip 127.0.0.1
[INFO] 22:50:58:349 Kernel/(6689:6689): ----------------INICIO DE KERNEL--------------
[INFO] 22:51:23:509 Kernel/(6689:6716): se encontro la memoria 127.0.0.1 8001 a SC
[INFO] 23:11:46:444 Kernel/(7499:7499): ----------------INICIO DE KERNEL--------------
[INFO] 23:14:26:177 Kernel/(7635:7635): ----------------INICIO DE KERNEL--------------
[INFO] 23:20:55:647 Kernel/(7932:7932): ----------------INICIO DE KERNEL--------------
[INFO] 23:35:07:435 Kernel/(8464:8464): ----------------INICIO DE KERNEL--------------
[ERROR] 23:36:06:64 Kernel/(8464:8506): No se puede resolver el request porque no hay memorias asociadas al criterio SC
[INFO] 23:38:56:353 Kernel/(8628:8628): ----------------INICIO DE KERNEL--------------
[ERROR] 23:39:09:150 Kernel/(8628:8646): No se puede resolver el request porque no hay memorias asociadas al criterio SC
[INFO] 23:40:18:910 Kernel/(8754:8754): ----------------INICIO DE KERNEL--------------
[ERROR] 23:40:35:196 Kernel/(8754:8783): No se puede resolver el request porque no hay memorias asociadas al criterio SC
[INFO] 23:41:55:719 Kernel/(8894:8894): ----------------INICIO DE KERNEL--------------
[ERROR] 23:42:10:234 Kernel/(8894:8908): No se puede resolver el request porque no hay memorias asociadas al criterio SC
[INFO] 23:50:03:893 Kernel/(9102:9102): ----------------INICIO DE KERNEL--------------
[INFO] 23:50:48:318 Kernel/(9102:9122): La respuesta del request CREATE MARINOS SC 1 10000 es  

[INFO] 11:41:49:672 Kernel/(18283:18283): ----------------INICIO DE KERNEL--------------
[INFO] 11:41:53:764 Kernel/(18283:18308): pasaron 30s
[INFO] 11:49:50:395 Kernel/(18592:18592): ----------------INICIO DE KERNEL--------------
[INFO] 11:49:50:412 Kernel/(18592:18605): pasaron 30s
[INFO] 11:50:40:503 Kernel/(18592:18605): pasaron 30s
[INFO] 11:51:26:186 Kernel/(18592:18605): pasaron 30s
[INFO] 11:51:55:403 Kernel/(18592:18609): La respuesta del request CREATE COLORES SC 2 35000 es  

[INFO] 11:52:25:114 Kernel/(18592:18605): pasaron 30s
[INFO] 12:45:50:747 Kernel/(20483:20483): ----------------INICIO DE KERNEL--------------
[INFO] 12:45:50:762 Kernel/(20483:20495): pasaron 30s
[INFO] 12:46:20:770 Kernel/(20483:20495): pasaron 30s
[INFO] 12:46:50:771 Kernel/(20483:20495): pasaron 30s
[INFO] 12:47:20:772 Kernel/(20483:20495): pasaron 30s
[INFO] 12:47:50:773 Kernel/(20483:20495): pasaron 30s
[INFO] 12:48:20:777 Kernel/(20483:20495): pasaron 30s
[INFO] 12:48:50:777 Kernel/(20483:20495): pasaron 30s
[INFO] 12:49:20:779 Kernel/(20483:20495): pasaron 30s
[INFO] 12:49:50:782 Kernel/(20483:20495): pasaron 30s
[INFO] 12:50:20:782 Kernel/(20483:20495): pasaron 30s
[INFO] 12:50:50:784 Kernel/(20483:20495): pasaron 30s
[INFO] 12:51:20:786 Kernel/(20483:20495): pasaron 30s
[INFO] 12:51:37:259 Kernel/(20483:20535): La respuesta del request CREATE COLORES SC 2 35000 es  

[INFO] 12:52:14:465 Kernel/(20483:20495): pasaron 30s
[INFO] 12:52:51:990 Kernel/(20483:20495): voy a liberar 
[INFO] 12:53:18:328 Kernel/(20483:20557): Read Latency de SC: -nan
[INFO] 12:53:19:252 Kernel/(20483:20557): Read Latency de SHC: -nan
[INFO] 12:53:19:824 Kernel/(20483:20557): Read Latency de EC: -nan
[INFO] 12:53:22:321 Kernel/(20483:20495): pasaron 30s
[INFO] 12:53:22:752 Kernel/(20483:20557): Write Latency de SC: -nan
[INFO] 12:53:26:417 Kernel/(20483:20557): Write Latency de SHC: -nan
[INFO] 12:53:27:294 Kernel/(20483:20557): Write Latency de EC: -nan
[INFO] 12:53:29:147 Kernel/(20483:20557): El memory load de SC es:
[INFO] 12:53:40:920 Kernel/(20483:20557): El memory load de SHC es:
[INFO] 12:53:43:192 Kernel/(20483:20557): El memory load de EC es:
[INFO] 12:53:44:636 Kernel/(20483:20557): Cantidad de Reads de SC: 0
[INFO] 12:53:44:924 Kernel/(20483:20557): Cantidad de Reads de SHC: 0
[INFO] 12:53:45:114 Kernel/(20483:20557): Cantidad de Reads de EC: 0
[INFO] 12:53:45:510 Kernel/(20483:20557): Cantidad de Writes de SC: 0
[INFO] 12:53:46:177 Kernel/(20483:20557): Cantidad de Writes de SHC: 0
[INFO] 12:53:47:108 Kernel/(20483:20557): Cantidad de Writes de EC: 0
[INFO] 12:53:53:553 Kernel/(20483:20495): pasaron 30s
[INFO] 12:54:27:172 Kernel/(20483:20495): pasaron 30s
[INFO] 18:27:16:977 Kernel/(9545:9545): ----------------INICIO DE KERNEL--------------
[INFO] 18:27:17:13 Kernel/(9545:9559): pasaron 30s
[INFO] 18:27:24:725 Kernel/(9545:9563): La respuesta del request DESCRIBE es COMIDAS SC; ANIMALES SHC; PELIS EC; 

[INFO] 18:27:47:863 Kernel/(9545:9559): pasaron 30s
[INFO] 18:28:13:220 Kernel/(9545:9563): Agregue la tabla COMIDAS al criterio SC
[INFO] 18:28:15:554 Kernel/(9545:9563): Agregue la tabla ANIMALES al criterio SHC
[INFO] 18:28:16:287 Kernel/(9545:9563): Agregue la tabla PELIS al criterio EC
[INFO] 18:28:17:864 Kernel/(9545:9559): pasaron 30s
[INFO] 18:28:23:192 Kernel/(9545:9589): La respuesta del request DESCRIBE es COMIDAS SC; ANIMALES SHC; PELIS EC; 

[INFO] 18:28:52:232 Kernel/(9545:9589): Agregue la tabla COMIDAS al criterio SC
[INFO] 18:28:52:233 Kernel/(9545:9559): pasaron 30s
[INFO] 18:28:53:137 Kernel/(9545:9589): Agregue la tabla ANIMALES al criterio SHC
[INFO] 18:28:53:770 Kernel/(9545:9589): Agregue la tabla PELIS al criterio EC
[INFO] 19:01:23:185 Kernel/(10507:10507): ----------------INICIO DE KERNEL--------------
[INFO] 19:01:23:209 Kernel/(10507:10523): pasaron 30s
[INFO] 19:01:53:212 Kernel/(10507:10523): pasaron 30s
[INFO] 19:02:22:300 Kernel/(10507:10521): No se ha ingresado la cantidad correcta de paraemtros
[INFO] 19:02:23:213 Kernel/(10507:10523): pasaron 30s
[INFO] 19:03:07:567 Kernel/(10507:10523): pasaron 30s
[ERROR] 19:03:11:525 Kernel/(10507:10533): No se puede resolver el request porque no hay memorias asociadas al criterio SC
[INFO] 20:02:03:882 Kernel/(10507:10523): pasaron 30s
[INFO] 20:07:11:685 Kernel/(10507:10523): pasaron 30s
[ERROR] 20:11:07:954 Kernel/(10507:10533): Se cancelo el script
[INFO] 20:11:28:335 Kernel/(11901:11901): ----------------INICIO DE KERNEL--------------
[INFO] 20:11:28:362 Kernel/(11901:11913): pasaron 30s
[INFO] 20:11:49:265 Kernel/(11901:11920): La respuesta del request CREATE MARINOS SC 1 10000 es  

[INFO] 20:11:49:266 Kernel/(11901:11920): voy a sumarle a select insert 0
[INFO] 20:11:51:284 Kernel/(11901:11920): La respuesta del request DESCRIBE MARINOS es COMIDAS SC 

[INFO] 20:11:52:911 Kernel/(11901:11920): Agregue la tabla COMIDAS al criterio SC
[INFO] 20:11:52:911 Kernel/(11901:11920): voy a sumarle a select insert 0
[INFO] 20:11:56:832 Kernel/(11901:11920): La respuesta del request INSERT MARINOS 983 "Ballena" es MARINOS 983 "Ballena" 

[INFO] 20:11:56:832 Kernel/(11901:11920): voy a sumarle a select insert 1
[INFO] 20:11:56:935 Kernel/(11901:11920): Vuelvo a ready
[INFO] 20:11:57:847 Kernel/(11901:11930): La respuesta del request CREATE AVES SC 5 50000 es  

[INFO] 20:11:57:847 Kernel/(11901:11930): voy a sumarle a select insert 0
[INFO] 20:11:58:832 Kernel/(11901:11913): pasaron 30s
[INFO] 20:11:58:832 Kernel/(11901:11930): La respuesta del request CREATE MAMIFEROS SC 3 60000 es  

[INFO] 20:11:58:833 Kernel/(11901:11913): select insert 1 y total 4
[INFO] 20:12:00:984 Kernel/(11901:11930): voy a sumarle a select insert 0
[INFO] 20:12:01:86 Kernel/(11901:11930): La respuesta del request DESCRIBE es COMIDAS SC 

[INFO] 20:12:02:831 Kernel/(11901:11930): Vuelvo a ready
[INFO] 20:12:03:920 Kernel/(11901:11939): La respuesta del request INSERT MARINOS 33 "Pulpo" es MARINOS 33 "Pulpo" 

[INFO] 20:12:03:920 Kernel/(11901:11939): voy a sumarle a select insert 1
[INFO] 20:12:05:838 Kernel/(11901:11939): La respuesta del request INSERT AVES 11 "Paloma" es AVES 11 "Paloma" 

[INFO] 20:12:05:839 Kernel/(11901:11939): voy a sumarle a select insert 1
[INFO] 20:12:09:205 Kernel/(11901:11939): La respuesta del request INSERT MAMIFEROS 2222 "Gato" es MAMIFEROS 2222 "Gato" 

[INFO] 20:12:09:206 Kernel/(11901:11939): voy a sumarle a select insert 1
[INFO] 20:12:09:307 Kernel/(11901:11939): Vuelvo a ready
[INFO] 20:12:10:435 Kernel/(11901:11949): La respuesta del request INSERT MAMIFEROS 239 "Perro" es MAMIFEROS 239 "Perro" 

[INFO] 20:12:10:435 Kernel/(11901:11949): voy a sumarle a select insert 1
[INFO] 20:12:13:660 Kernel/(11901:11949): La respuesta del request INSERT MARINOS 22 "Delfin" es MARINOS 22 "Delfin" 

[INFO] 20:12:13:660 Kernel/(11901:11949): voy a sumarle a select insert 1
[INFO] 20:12:13:768 Kernel/(11901:11949): La respuesta del request INSERT AVES 11 "Halcon" es AVES 11 "Halcon" 

[INFO] 20:12:13:768 Kernel/(11901:11949): voy a sumarle a select insert 1
[INFO] 20:12:13:870 Kernel/(11901:11949): Vuelvo a ready
[INFO] 20:12:13:981 Kernel/(11901:11956): La respuesta del request SELECT AVES 11 es AVES 11 Halcon 1560813133767 

[INFO] 20:12:13:981 Kernel/(11901:11956): voy a sumarle a select insert 1
[INFO] 20:12:14:82 Kernel/(11901:11956): La respuesta del request INSERT MARINOS 983 "Orca" es MARINOS 983 "Orca" 

[INFO] 20:12:14:83 Kernel/(11901:11956): voy a sumarle a select insert 1
[INFO] 20:12:14:184 Kernel/(11901:11956): La respuesta del request DESCRIBE AVES es COMIDAS SC 

[INFO] 20:12:18:28 Kernel/(11901:11956): voy a sumarle a select insert 0
[INFO] 20:12:18:129 Kernel/(11901:11956): Vuelvo a ready
[INFO] 20:12:18:248 Kernel/(11901:11960): La respuesta del request INSERT MARINOS 310 "Calamar" es MARINOS 310 "Calamar" 

[INFO] 20:12:18:249 Kernel/(11901:11960): voy a sumarle a select insert 1
[INFO] 20:12:18:354 Kernel/(11901:11960): La respuesta del request INSERT AVES 1102 "Buho" es AVES 1102 "Buho" 

[INFO] 20:12:18:354 Kernel/(11901:11960): voy a sumarle a select insert 1
[INFO] 20:12:18:456 Kernel/(11901:11960): La respuesta del request SELECT MARINOS 310 es MARINOS 310 Calamar 1560813138246 

[INFO] 20:12:18:456 Kernel/(11901:11960): voy a sumarle a select insert 1
[INFO] 20:12:18:557 Kernel/(11901:11960): Vuelvo a ready
[INFO] 20:12:18:676 Kernel/(11901:11961): La respuesta del request INSERT AVES 333 "Colibri" es AVES 333 "Colibri" 

[INFO] 20:12:18:676 Kernel/(11901:11961): voy a sumarle a select insert 1
[INFO] 20:12:18:779 Kernel/(11901:11961): La respuesta del request INSERT MAMIFEROS 2222 "Elefante" es MAMIFEROS 2222 "Elefante" 

[INFO] 20:12:18:779 Kernel/(11901:11961): voy a sumarle a select insert 1
[INFO] 20:12:18:881 Kernel/(11901:11961): La respuesta del request INSERT MAMIFEROS 349 "Jirafa" es MAMIFEROS 349 "Jirafa" 

[INFO] 20:12:18:881 Kernel/(11901:11961): voy a sumarle a select insert 1
[INFO] 20:12:18:981 Kernel/(11901:11961): Vuelvo a ready
[INFO] 20:12:19:92 Kernel/(11901:11962): La respuesta del request INSERT MARINOS 983 "Pez globo" es MARINOS 983 "Pez globo" 

[INFO] 20:12:19:92 Kernel/(11901:11962): voy a sumarle a select insert 1
[INFO] 20:12:19:194 Kernel/(11901:11962): La respuesta del request INSERT AVES 6262 "Loro" es AVES 6262 "Loro" 

[INFO] 20:12:19:194 Kernel/(11901:11962): voy a sumarle a select insert 1
[INFO] 20:12:19:297 Kernel/(11901:11962): La respuesta del request INSERT AVES 888 "Pelicano" es AVES 888 "Pelicano" 

[INFO] 20:12:19:297 Kernel/(11901:11962): voy a sumarle a select insert 1
[INFO] 20:12:19:397 Kernel/(11901:11962): Vuelvo a ready
[INFO] 20:12:19:517 Kernel/(11901:11963): La respuesta del request DESCRIBE MAMIFEROS es COMIDAS SC 

[INFO] 20:12:22:229 Kernel/(11901:11963): voy a sumarle a select insert 0
[INFO] 20:12:22:337 Kernel/(11901:11963): La respuesta del request INSERT MAMIFEROS 349 "Cebra" es MAMIFEROS 349 "Cebra" 

[INFO] 20:12:22:337 Kernel/(11901:11963): voy a sumarle a select insert 1
[INFO] 20:12:22:442 Kernel/(11901:11963): La respuesta del request INSERT MAMIFEROS 721 "Caballo" es MAMIFEROS 721 "Caballo" 

[INFO] 20:12:22:442 Kernel/(11901:11963): voy a sumarle a select insert 1
[INFO] 20:12:22:543 Kernel/(11901:11963): Vuelvo a ready
[INFO] 20:12:22:656 Kernel/(11901:11966): La respuesta del request INSERT AVES 11 "Pinguino" es AVES 11 "Pinguino" 

[INFO] 20:12:22:656 Kernel/(11901:11966): voy a sumarle a select insert 1
[INFO] 20:12:22:762 Kernel/(11901:11966): La respuesta del request INSERT MAMIFEROS 721 "Oveja" es MAMIFEROS 721 "Oveja" 

[INFO] 20:12:22:762 Kernel/(11901:11966): voy a sumarle a select insert 1
[INFO] 20:12:22:863 Kernel/(11901:11966): La respuesta del request SELECT MARINOS 983 es MARINOS 983 Pez globo 1560813139088 

[INFO] 20:12:22:863 Kernel/(11901:11966): voy a sumarle a select insert 1
[INFO] 20:12:22:963 Kernel/(11901:11966): Vuelvo a ready
[INFO] 20:12:23:74 Kernel/(11901:11967): La respuesta del request DESCRIBE MAMIFEROS es COMIDAS SC 

[INFO] 20:12:34:67 Kernel/(11901:11967): voy a sumarle a select insert 0
[INFO] 20:12:34:68 Kernel/(11901:11913): pasaron 30s
[INFO] 20:12:36:860 Kernel/(11901:11967): La respuesta del request INSERT MARINOS 983 "Tiburon" es MARINOS 983 "Tiburon" 

[INFO] 20:13:26:921 Kernel/(11901:11913): select insert 22 y total 26
[INFO] 10:51:21:917 Kernel/(10424:10424): ----------------INICIO DE KERNEL--------------
[INFO] 10:51:21:924 Kernel/(10424:10437): estoy agregando el ip: 127.0.0.1 puerto: 8001 numero: 1
[INFO] 10:51:21:943 Kernel/(10424:10441): pasaron 30s
[INFO] 10:52:04:619 Kernel/(10424:10441): pasaron 30s
[INFO] 10:52:24:710 Kernel/(10424:10456): voy a asignar a la mem ip 127.0.0.1 puerto 8001
[INFO] 10:52:35:59 Kernel/(10424:10441): pasaron 30s
[INFO] 19:51:35:436 Kernel/(27235:27235): ----------------INICIO DE KERNEL--------------
[INFO] 19:51:35:449 Kernel/(27235:27247): estoy agregando el ip: 127.0.0.1 puerto: 8001 numero: 1
[INFO] 19:59:48:24 Kernel/(27532:27532): ----------------INICIO DE KERNEL--------------
[INFO] 19:59:48:40 Kernel/(27532:27573): estoy agregando el ip: 127.0.0.1 puerto: 8001 numero: 1
[INFO] 20:00:03:725 Kernel/(27532:27579): while
[INFO] 22:42:49:266 Kernel/(3113:3113): ----------------INICIO DE KERNEL--------------
[INFO] 22:42:49:271 Kernel/(3113:3125): estoy agregando el ip: 127.0.0.1 puerto: 8001 numero: 1
[INFO] 22:42:53:630 Kernel/(3113:3134): Cambi√≥ el archivo de config
[INFO] 09:22:03:52 Kernel/(3113:3951): Se agreg√≥ la memoria 1 al criterio SC
[INFO] 09:22:03:53 Kernel/(3113:3951): libero request
[INFO] 09:27:07:397 Kernel/(4092:4092): ----------------INICIO DE KERNEL--------------
[INFO] 09:27:07:410 Kernel/(4092:4106): estoy agregando el ip: 127.0.0.1 puerto: 8001 numero: 1
[INFO] 09:27:22:250 Kernel/(4092:4122): Cambi√≥ el archivo de config
[INFO] 09:27:31:703 Kernel/(4092:4125): Se agreg√≥ la memoria 1 al criterio SC
[INFO] 09:27:31:703 Kernel/(4092:4125): libero request
[INFO] 09:29:03:533 Kernel/(4221:4221): ----------------INICIO DE KERNEL--------------
[INFO] 09:29:03:551 Kernel/(4221:4231): estoy agregando el ip: 127.0.0.1 puerto: 8001 numero: 1
[INFO] 09:29:24:675 Kernel/(4221:4246): Cambi√≥ el archivo de config
[INFO] 09:29:24:711 Kernel/(4221:4251): Se agreg√≥ la memoria 1 al criterio SC
[INFO] 09:29:24:712 Kernel/(4221:4251): libero request
[INFO] 09:30:19:337 Kernel/(4221:4267): El request CREATE PELICULAS SC 2 35000 se realiz√≥ con √©xito
[INFO] 09:30:19:337 Kernel/(4221:4267): libero request
[INFO] 09:30:31:155 Kernel/(4221:4267): Agregue la tabla PELICULAS al criterio SC
[INFO] 09:30:31:157 Kernel/(4221:4267): El request DESCRIBE PELICULAS se realiz√≥ con √©xito
[INFO] 09:30:31:157 Kernel/(4221:4267): libero request
[INFO] 09:30:41:760 Kernel/(4221:4267): El request INSERT PELICULAS 3128 "Terminator" se realiz√≥ con √©xito
[INFO] 09:30:41:761 Kernel/(4221:4267): libero request
[INFO] 11:54:30:292 Kernel/(7200:7200): ----------------INICIO DE KERNEL--------------
[INFO] 11:54:42:353 Kernel/(7200:7212): estoy agregando el ip: 127.0.0.1 puerto: 8001 numero: 1
[INFO] 11:54:42:364 Kernel/(7200:7222): Cambi√≥ el archivo de config
[INFO] 11:54:49:9 Kernel/(7200:7228): Se agreg√≥ la memoria 1 al criterio EC
[ERROR] 11:57:36:144 Kernel/(7200:7308): No s√© que consistencia tiene la tabla A
[ERROR] 11:57:36:146 Kernel/(7200:7308): No se puede resolver el request porque no tengo la metadata de la tabla
[INFO] 11:57:36:147 Kernel/(7200:7308): libero request
[INFO] 12:07:21:825 Kernel/(7656:7656): ----------------INICIO DE KERNEL--------------
[INFO] 12:07:21:835 Kernel/(7656:7666): estoy agregando el ip: 127.0.0.1 puerto: 8001 numero: 1
[INFO] 12:07:25:458 Kernel/(7656:7674): Cambi√≥ el archivo de config
[INFO] 12:07:33:116 Kernel/(7656:7678): Se agreg√≥ la memoria 1 al criterio EC
[INFO] 12:07:33:120 Kernel/(7656:7678): libero request
[INFO] 12:11:08:172 Kernel/(7656:7692): El request CREATE D EC 4 4000 se realiz√≥ con √©xito
[INFO] 12:11:08:174 Kernel/(7656:7692): libero request
[INFO] 12:12:28:134 Kernel/(7656:7763): Se agreg√≥ la memoria 1 al criterio SC
[INFO] 12:12:28:135 Kernel/(7656:7763): libero request
[INFO] 12:12:41:864 Kernel/(7656:7747): El request DESCRIBE D se realiz√≥ con √©xito
[INFO] 12:12:41:865 Kernel/(7656:7747): libero request
[INFO] 16:46:05:742 Kernel/(12459:12459): ----------------INICIO DE KERNEL--------------
[INFO] 16:46:05:755 Kernel/(12459:12473): estoy agregando el ip: 127.0.0.1 puerto: 8001 numero: 1
[INFO] 16:46:13:940 Kernel/(12459:12477): Agregue la tabla S al criterio SC
[INFO] 16:46:13:941 Kernel/(12459:12477): Agregue la tabla COSAS al criterio SC
[INFO] 16:46:13:941 Kernel/(12459:12477): Agregue la tabla BEBIDAS al criterio SC
[INFO] 16:46:13:941 Kernel/(12459:12477): Agregue la tabla PELICULAS al criterio SC
[INFO] 16:46:13:941 Kernel/(12459:12477): Agregue la tabla PLATOS_PRINCIPALES al criterio SC
[INFO] 16:46:13:941 Kernel/(12459:12477): Agregue la tabla POSTRES al criterio SC
[INFO] 16:46:13:941 Kernel/(12459:12477): Agregue la tabla AVES al criterio SC
[INFO] 16:46:13:941 Kernel/(12459:12477): Agregue la tabla COLORES al criterio SC
[INFO] 16:46:13:941 Kernel/(12459:12477): Agregue la tabla LULI al criterio EC
[INFO] 16:46:13:941 Kernel/(12459:12477): Agregue la tabla MAMIFEROS al criterio SC
[INFO] 16:46:13:941 Kernel/(12459:12477): Agregue la tabla NOVELAS_ARGENTINAS al criterio SC
[INFO] 16:46:13:941 Kernel/(12459:12477): Agregue la tabla FRUTAS al criterio SC
[INFO] 16:46:13:941 Kernel/(12459:12477): Agregue la tabla MARINOS al criterio SC
[INFO] 16:46:13:941 Kernel/(12459:12477): Agregue la tabla SERIES al criterio SC
[INFO] 16:46:13:941 Kernel/(12459:12477): Agregue la tabla LIBROS al criterio SC
[INFO] 16:46:13:941 Kernel/(12459:12477): Agregue la tabla WILLY al criterio EC
[INFO] 16:46:13:941 Kernel/(12459:12477): Agregue la tabla DAIU al criterio EC
[INFO] 16:46:13:941 Kernel/(12459:12477): Agregue la tabla D al criterio EC
[INFO] 16:46:13:941 Kernel/(12459:12477): El request DESCRIBE se realiz√≥ con √©xito
[INFO] 16:46:13:941 Kernel/(12459:12477): libero request
[INFO] 16:46:38:3 Kernel/(12512:12512): ----------------INICIO DE KERNEL--------------
[INFO] 16:46:39:13 Kernel/(12512:12520): estoy agregando el ip: 127.0.0.1 puerto: 8001 numero: 1
[INFO] 16:46:41:332 Kernel/(12512:12524): Agregue la tabla S al criterio SC
[INFO] 16:46:41:332 Kernel/(12512:12524): Agregue la tabla COSAS al criterio SC
[INFO] 16:46:41:332 Kernel/(12512:12524): Agregue la tabla BEBIDAS al criterio SC
[INFO] 16:46:41:332 Kernel/(12512:12524): Agregue la tabla PELICULAS al criterio SC
[INFO] 16:46:41:332 Kernel/(12512:12524): Agregue la tabla PLATOS_PRINCIPALES al criterio SC
[INFO] 16:46:41:332 Kernel/(12512:12524): Agregue la tabla POSTRES al criterio SC
[INFO] 16:46:41:332 Kernel/(12512:12524): Agregue la tabla AVES al criterio SC
[INFO] 16:46:41:332 Kernel/(12512:12524): Agregue la tabla COLORES al criterio SC
[INFO] 16:46:41:332 Kernel/(12512:12524): Agregue la tabla LULI al criterio EC
[INFO] 16:46:41:332 Kernel/(12512:12524): Agregue la tabla MAMIFEROS al criterio SC
[INFO] 16:46:41:332 Kernel/(12512:12524): Agregue la tabla NOVELAS_ARGENTINAS al criterio SC
[INFO] 16:46:41:332 Kernel/(12512:12524): Agregue la tabla FRUTAS al criterio SC
[INFO] 16:46:41:332 Kernel/(12512:12524): Agregue la tabla MARINOS al criterio SC
[INFO] 16:46:41:332 Kernel/(12512:12524): Agregue la tabla SERIES al criterio SC
[INFO] 16:46:41:332 Kernel/(12512:12524): Agregue la tabla LIBROS al criterio SC
[INFO] 16:46:41:332 Kernel/(12512:12524): Agregue la tabla WILLY al criterio EC
[INFO] 16:46:41:332 Kernel/(12512:12524): Agregue la tabla DAIU al criterio EC
[INFO] 16:46:41:332 Kernel/(12512:12524): Agregue la tabla D al criterio EC
[INFO] 16:46:41:332 Kernel/(12512:12524): El request DESCRIBE se realiz√≥ con √©xito
[INFO] 16:46:41:332 Kernel/(12512:12524): libero request
[INFO] 16:48:47:64 Kernel/(12569:12569): ----------------INICIO DE KERNEL--------------
[INFO] 16:48:47:75 Kernel/(12569:12579): estoy agregando el ip: 127.0.0.1 puerto: 8001 numero: 1
[INFO] 16:48:51:5 Kernel/(12569:12583): Agregue la tabla S al criterio SC
[INFO] 16:48:51:8 Kernel/(12569:12583): Agregue la tabla COSAS al criterio SC
[INFO] 16:48:51:8 Kernel/(12569:12583): Agregue la tabla BEBIDAS al criterio SC
[INFO] 16:48:51:8 Kernel/(12569:12583): Agregue la tabla PELICULAS al criterio SC
[INFO] 16:48:51:8 Kernel/(12569:12583): Agregue la tabla PLATOS_PRINCIPALES al criterio SC
[INFO] 16:48:51:8 Kernel/(12569:12583): Agregue la tabla POSTRES al criterio SC
[INFO] 16:48:51:8 Kernel/(12569:12583): Agregue la tabla AVES al criterio SC
[INFO] 16:48:51:8 Kernel/(12569:12583): Agregue la tabla COLORES al criterio SC
[INFO] 16:48:51:8 Kernel/(12569:12583): Agregue la tabla LULI al criterio EC
[INFO] 16:48:51:8 Kernel/(12569:12583): Agregue la tabla MAMIFEROS al criterio SC
[INFO] 16:48:51:8 Kernel/(12569:12583): Agregue la tabla NOVELAS_ARGENTINAS al criterio SC
[INFO] 16:48:51:8 Kernel/(12569:12583): Agregue la tabla FRUTAS al criterio SC
[INFO] 16:48:51:8 Kernel/(12569:12583): Agregue la tabla MARINOS al criterio SC
[INFO] 16:48:51:8 Kernel/(12569:12583): Agregue la tabla SERIES al criterio SC
[INFO] 16:48:51:9 Kernel/(12569:12583): Agregue la tabla LIBROS al criterio SC
[INFO] 16:48:51:9 Kernel/(12569:12583): Agregue la tabla WILLY al criterio EC
[INFO] 16:48:51:9 Kernel/(12569:12583): Agregue la tabla DAIU al criterio EC
[INFO] 16:48:51:9 Kernel/(12569:12583): Agregue la tabla D al criterio EC
[INFO] 16:48:51:9 Kernel/(12569:12583): El request DESCRIBE se realiz√≥ con √©xito
[INFO] 16:48:51:9 Kernel/(12569:12583): libero request
[INFO] 16:49:06:620 Kernel/(12569:12583): Agregue la tabla S al criterio SC
[INFO] 16:49:06:620 Kernel/(12569:12583): Agregue la tabla COSAS al criterio SC
[INFO] 16:49:06:620 Kernel/(12569:12583): Agregue la tabla BEBIDAS al criterio SC
[INFO] 16:49:06:620 Kernel/(12569:12583): Agregue la tabla PELICULAS al criterio SC
[INFO] 16:49:06:620 Kernel/(12569:12583): Agregue la tabla PLATOS_PRINCIPALES al criterio SC
[INFO] 16:49:06:620 Kernel/(12569:12583): Agregue la tabla POSTRES al criterio SC
[INFO] 16:49:06:620 Kernel/(12569:12583): Agregue la tabla AVES al criterio SC
[INFO] 16:49:06:620 Kernel/(12569:12583): Agregue la tabla COLORES al criterio SC
[INFO] 16:49:06:620 Kernel/(12569:12583): Agregue la tabla LULI al criterio EC
[INFO] 16:49:06:620 Kernel/(12569:12583): Agregue la tabla MAMIFEROS al criterio SC
[INFO] 16:49:06:620 Kernel/(12569:12583): Agregue la tabla NOVELAS_ARGENTINAS al criterio SC
[INFO] 16:49:06:620 Kernel/(12569:12583): Agregue la tabla FRUTAS al criterio SC
[INFO] 16:49:06:620 Kernel/(12569:12583): Agregue la tabla MARINOS al criterio SC
[INFO] 16:49:06:620 Kernel/(12569:12583): Agregue la tabla SERIES al criterio SC
[INFO] 16:49:06:620 Kernel/(12569:12583): Agregue la tabla LIBROS al criterio SC
[INFO] 16:49:06:620 Kernel/(12569:12583): Agregue la tabla WILLY al criterio EC
[INFO] 16:49:06:620 Kernel/(12569:12583): Agregue la tabla DAIU al criterio EC
[INFO] 16:49:06:620 Kernel/(12569:12583): Agregue la tabla D al criterio EC
[INFO] 16:49:06:620 Kernel/(12569:12583): El request DESCRIBE se realiz√≥ con √©xito
[INFO] 16:49:06:620 Kernel/(12569:12583): libero request
[INFO] 16:49:32:295 Kernel/(12569:12584): Cambi√≥ el archivo de config
[INFO] 16:49:34:81 Kernel/(12569:12583): Agregue la tabla S al criterio SC
[INFO] 16:49:34:81 Kernel/(12569:12583): Agregue la tabla COSAS al criterio SC
[INFO] 16:49:34:81 Kernel/(12569:12583): Agregue la tabla BEBIDAS al criterio SC
[INFO] 16:49:34:81 Kernel/(12569:12583): Agregue la tabla PELICULAS al criterio SC
[INFO] 16:49:34:81 Kernel/(12569:12583): Agregue la tabla PLATOS_PRINCIPALES al criterio SC
[INFO] 16:49:34:81 Kernel/(12569:12583): Agregue la tabla POSTRES al criterio SC
[INFO] 16:49:34:81 Kernel/(12569:12583): Agregue la tabla AVES al criterio SC
[INFO] 16:49:34:81 Kernel/(12569:12583): Agregue la tabla COLORES al criterio SC
[INFO] 16:49:34:81 Kernel/(12569:12583): Agregue la tabla LULI al criterio EC
[INFO] 16:49:34:81 Kernel/(12569:12583): Agregue la tabla MAMIFEROS al criterio SC
[INFO] 16:49:34:81 Kernel/(12569:12583): Agregue la tabla NOVELAS_ARGENTINAS al criterio SC
[INFO] 16:49:34:81 Kernel/(12569:12583): Agregue la tabla FRUTAS al criterio SC
[INFO] 16:49:34:81 Kernel/(12569:12583): Agregue la tabla MARINOS al criterio SC
[INFO] 16:49:34:81 Kernel/(12569:12583): Agregue la tabla SERIES al criterio SC
[INFO] 16:49:34:81 Kernel/(12569:12583): Agregue la tabla LIBROS al criterio SC
[INFO] 16:49:34:81 Kernel/(12569:12583): Agregue la tabla WILLY al criterio EC
[INFO] 16:49:34:81 Kernel/(12569:12583): Agregue la tabla DAIU al criterio EC
[INFO] 16:49:34:82 Kernel/(12569:12583): Agregue la tabla D al criterio EC
[INFO] 16:49:34:82 Kernel/(12569:12583): El request DESCRIBE se realiz√≥ con √©xito
[INFO] 16:49:34:82 Kernel/(12569:12583): libero request
[INFO] 16:50:44:221 Kernel/(12569:12583): Agregue la tabla S al criterio SC
[INFO] 16:50:44:221 Kernel/(12569:12583): Agregue la tabla COSAS al criterio SC
[INFO] 16:50:44:221 Kernel/(12569:12583): Agregue la tabla BEBIDAS al criterio SC
[INFO] 16:50:44:221 Kernel/(12569:12583): Agregue la tabla PELICULAS al criterio SC
[INFO] 16:50:44:221 Kernel/(12569:12583): Agregue la tabla PLATOS_PRINCIPALES al criterio SC
[INFO] 16:50:44:221 Kernel/(12569:12583): Agregue la tabla POSTRES al criterio SC
[INFO] 16:50:44:221 Kernel/(12569:12583): Agregue la tabla AVES al criterio SC
[INFO] 16:50:44:221 Kernel/(12569:12583): Agregue la tabla COLORES al criterio SC
[INFO] 16:50:44:221 Kernel/(12569:12583): Agregue la tabla LULI al criterio EC
[INFO] 16:50:44:221 Kernel/(12569:12583): Agregue la tabla MAMIFEROS al criterio SC
[INFO] 16:50:44:221 Kernel/(12569:12583): Agregue la tabla NOVELAS_ARGENTINAS al criterio SC
[INFO] 16:50:44:221 Kernel/(12569:12583): Agregue la tabla FRUTAS al criterio SC
[INFO] 16:50:44:221 Kernel/(12569:12583): Agregue la tabla MARINOS al criterio SC
[INFO] 16:50:44:221 Kernel/(12569:12583): Agregue la tabla SERIES al criterio SC
[INFO] 16:50:44:222 Kernel/(12569:12583): Agregue la tabla LIBROS al criterio SC
[INFO] 16:50:44:222 Kernel/(12569:12583): Agregue la tabla WILLY al criterio EC
[INFO] 16:50:44:222 Kernel/(12569:12583): Agregue la tabla DAIU al criterio EC
[INFO] 16:50:44:222 Kernel/(12569:12583): Agregue la tabla D al criterio EC
[INFO] 16:50:44:222 Kernel/(12569:12583): El request DESCRIBE se realiz√≥ con √©xito
[INFO] 16:50:44:222 Kernel/(12569:12583): libero request
[INFO] 16:53:14:318 Kernel/(12569:12583): Agregue la tabla S al criterio SC
[INFO] 16:53:14:319 Kernel/(12569:12583): Agregue la tabla COSAS al criterio SC
[INFO] 16:53:14:319 Kernel/(12569:12583): Agregue la tabla BEBIDAS al criterio SC
[INFO] 16:53:14:319 Kernel/(12569:12583): Agregue la tabla PELICULAS al criterio SC
[INFO] 16:53:14:319 Kernel/(12569:12583): Agregue la tabla PLATOS_PRINCIPALES al criterio SC
[INFO] 16:53:14:319 Kernel/(12569:12583): Agregue la tabla POSTRES al criterio SC
[INFO] 16:53:14:319 Kernel/(12569:12583): Agregue la tabla AVES al criterio SC
[INFO] 16:53:14:319 Kernel/(12569:12583): Agregue la tabla COLORES al criterio SC
[INFO] 16:53:14:319 Kernel/(12569:12583): Agregue la tabla LULI al criterio EC
[INFO] 16:53:14:319 Kernel/(12569:12583): Agregue la tabla MAMIFEROS al criterio SC
[INFO] 16:53:14:319 Kernel/(12569:12583): Agregue la tabla NOVELAS_ARGENTINAS al criterio SC
[INFO] 16:53:14:319 Kernel/(12569:12583): Agregue la tabla FRUTAS al criterio SC
[INFO] 16:53:14:319 Kernel/(12569:12583): Agregue la tabla MARINOS al criterio SC
[INFO] 16:53:14:319 Kernel/(12569:12583): Agregue la tabla SERIES al criterio SC
[INFO] 16:53:14:319 Kernel/(12569:12583): Agregue la tabla LIBROS al criterio SC
[INFO] 16:53:14:319 Kernel/(12569:12583): Agregue la tabla WILLY al criterio EC
[INFO] 16:53:14:319 Kernel/(12569:12583): Agregue la tabla DAIU al criterio EC
[INFO] 16:53:14:319 Kernel/(12569:12583): Agregue la tabla D al criterio EC
[INFO] 16:53:14:319 Kernel/(12569:12583): El request DESCRIBE se realiz√≥ con √©xito
[INFO] 16:53:14:319 Kernel/(12569:12583): libero request
[INFO] 16:53:29:921 Kernel/(12569:12583): Agregue la tabla S al criterio SC
[INFO] 16:53:29:921 Kernel/(12569:12583): Agregue la tabla COSAS al criterio SC
[INFO] 16:53:29:921 Kernel/(12569:12583): Agregue la tabla BEBIDAS al criterio SC
[INFO] 16:53:29:921 Kernel/(12569:12583): Agregue la tabla PELICULAS al criterio SC
[INFO] 16:53:29:921 Kernel/(12569:12583): Agregue la tabla PLATOS_PRINCIPALES al criterio SC
[INFO] 16:53:29:921 Kernel/(12569:12583): Agregue la tabla POSTRES al criterio SC
[INFO] 16:53:29:921 Kernel/(12569:12583): Agregue la tabla AVES al criterio SC
[INFO] 16:53:29:921 Kernel/(12569:12583): Agregue la tabla COLORES al criterio SC
[INFO] 16:53:29:921 Kernel/(12569:12583): Agregue la tabla LULI al criterio EC
[INFO] 16:53:29:921 Kernel/(12569:12583): Agregue la tabla MAMIFEROS al criterio SC
[INFO] 16:53:29:921 Kernel/(12569:12583): Agregue la tabla NOVELAS_ARGENTINAS al criterio SC
[INFO] 16:53:29:921 Kernel/(12569:12583): Agregue la tabla FRUTAS al criterio SC
[INFO] 16:53:29:921 Kernel/(12569:12583): Agregue la tabla MARINOS al criterio SC
[INFO] 16:53:29:921 Kernel/(12569:12583): Agregue la tabla SERIES al criterio SC
[INFO] 16:53:29:921 Kernel/(12569:12583): Agregue la tabla LIBROS al criterio SC
[INFO] 16:53:29:921 Kernel/(12569:12583): Agregue la tabla WILLY al criterio EC
[INFO] 16:53:29:921 Kernel/(12569:12583): Agregue la tabla DAIU al criterio EC
[INFO] 16:53:29:921 Kernel/(12569:12583): Agregue la tabla D al criterio EC
[INFO] 16:53:29:921 Kernel/(12569:12583): El request DESCRIBE se realiz√≥ con √©xito
[INFO] 16:53:29:921 Kernel/(12569:12583): libero request
[INFO] 16:53:45:523 Kernel/(12569:12583): Agregue la tabla S al criterio SC
[INFO] 16:53:45:524 Kernel/(12569:12583): Agregue la tabla COSAS al criterio SC
[INFO] 16:53:45:524 Kernel/(12569:12583): Agregue la tabla BEBIDAS al criterio SC
[INFO] 16:53:45:524 Kernel/(12569:12583): Agregue la tabla PELICULAS al criterio SC
[INFO] 16:53:45:524 Kernel/(12569:12583): Agregue la tabla PLATOS_PRINCIPALES al criterio SC
[INFO] 16:53:45:524 Kernel/(12569:12583): Agregue la tabla POSTRES al criterio SC
[INFO] 16:53:45:524 Kernel/(12569:12583): Agregue la tabla AVES al criterio SC
[INFO] 16:53:45:524 Kernel/(12569:12583): Agregue la tabla COLORES al criterio SC
[INFO] 16:53:45:524 Kernel/(12569:12583): Agregue la tabla LULI al criterio EC
[INFO] 16:53:45:524 Kernel/(12569:12583): Agregue la tabla MAMIFEROS al criterio SC
[INFO] 16:53:45:524 Kernel/(12569:12583): Agregue la tabla NOVELAS_ARGENTINAS al criterio SC
[INFO] 16:53:45:524 Kernel/(12569:12583): Agregue la tabla FRUTAS al criterio SC
[INFO] 16:53:45:524 Kernel/(12569:12583): Agregue la tabla MARINOS al criterio SC
[INFO] 16:53:45:524 Kernel/(12569:12583): Agregue la tabla SERIES al criterio SC
[INFO] 16:53:45:524 Kernel/(12569:12583): Agregue la tabla LIBROS al criterio SC
[INFO] 16:53:45:524 Kernel/(12569:12583): Agregue la tabla WILLY al criterio EC
[INFO] 16:53:45:524 Kernel/(12569:12583): Agregue la tabla DAIU al criterio EC
[INFO] 16:53:45:524 Kernel/(12569:12583): Agregue la tabla D al criterio EC
[INFO] 16:53:45:524 Kernel/(12569:12583): El request DESCRIBE se realiz√≥ con √©xito
[INFO] 16:53:45:524 Kernel/(12569:12583): libero request
[INFO] 16:54:01:126 Kernel/(12569:12583): Agregue la tabla S al criterio SC
[INFO] 16:54:01:126 Kernel/(12569:12583): Agregue la tabla COSAS al criterio SC
[INFO] 16:54:01:126 Kernel/(12569:12583): Agregue la tabla BEBIDAS al criterio SC
[INFO] 16:54:01:126 Kernel/(12569:12583): Agregue la tabla PELICULAS al criterio SC
[INFO] 16:54:01:126 Kernel/(12569:12583): Agregue la tabla PLATOS_PRINCIPALES al criterio SC
[INFO] 16:54:01:126 Kernel/(12569:12583): Agregue la tabla POSTRES al criterio SC
[INFO] 16:54:01:126 Kernel/(12569:12583): Agregue la tabla AVES al criterio SC
[INFO] 16:54:01:126 Kernel/(12569:12583): Agregue la tabla COLORES al criterio SC
[INFO] 16:54:01:126 Kernel/(12569:12583): Agregue la tabla LULI al criterio EC
[INFO] 16:54:01:127 Kernel/(12569:12583): Agregue la tabla MAMIFEROS al criterio SC
[INFO] 16:54:01:127 Kernel/(12569:12583): Agregue la tabla NOVELAS_ARGENTINAS al criterio SC
[INFO] 16:54:01:127 Kernel/(12569:12583): Agregue la tabla FRUTAS al criterio SC
[INFO] 16:54:01:127 Kernel/(12569:12583): Agregue la tabla MARINOS al criterio SC
[INFO] 16:54:01:127 Kernel/(12569:12583): Agregue la tabla SERIES al criterio SC
[INFO] 16:54:01:127 Kernel/(12569:12583): Agregue la tabla LIBROS al criterio SC
[INFO] 16:54:01:127 Kernel/(12569:12583): Agregue la tabla WILLY al criterio EC
[INFO] 16:54:01:127 Kernel/(12569:12583): Agregue la tabla DAIU al criterio EC
[INFO] 16:54:01:127 Kernel/(12569:12583): Agregue la tabla D al criterio EC
[INFO] 16:54:01:127 Kernel/(12569:12583): El request DESCRIBE se realiz√≥ con √©xito
[INFO] 16:54:01:127 Kernel/(12569:12583): libero request
[INFO] 16:54:16:729 Kernel/(12569:12583): Agregue la tabla S al criterio SC
[INFO] 16:54:16:730 Kernel/(12569:12583): Agregue la tabla COSAS al criterio SC
[INFO] 16:54:16:730 Kernel/(12569:12583): Agregue la tabla BEBIDAS al criterio SC
[INFO] 16:54:16:730 Kernel/(12569:12583): Agregue la tabla PELICULAS al criterio SC
[INFO] 16:54:16:730 Kernel/(12569:12583): Agregue la tabla PLATOS_PRINCIPALES al criterio SC
[INFO] 16:54:16:730 Kernel/(12569:12583): Agregue la tabla POSTRES al criterio SC
[INFO] 16:54:16:730 Kernel/(12569:12583): Agregue la tabla AVES al criterio SC
[INFO] 16:54:16:730 Kernel/(12569:12583): Agregue la tabla COLORES al criterio SC
[INFO] 16:54:16:730 Kernel/(12569:12583): Agregue la tabla LULI al criterio EC
[INFO] 16:54:16:730 Kernel/(12569:12583): Agregue la tabla MAMIFEROS al criterio SC
[INFO] 16:54:16:730 Kernel/(12569:12583): Agregue la tabla NOVELAS_ARGENTINAS al criterio SC
[INFO] 16:54:16:730 Kernel/(12569:12583): Agregue la tabla FRUTAS al criterio SC
[INFO] 16:54:16:730 Kernel/(12569:12583): Agregue la tabla MARINOS al criterio SC
[INFO] 16:54:16:730 Kernel/(12569:12583): Agregue la tabla SERIES al criterio SC
[INFO] 16:54:16:730 Kernel/(12569:12583): Agregue la tabla LIBROS al criterio SC
[INFO] 16:54:16:730 Kernel/(12569:12583): Agregue la tabla WILLY al criterio EC
[INFO] 16:54:16:730 Kernel/(12569:12583): Agregue la tabla DAIU al criterio EC
[INFO] 16:54:16:730 Kernel/(12569:12583): Agregue la tabla D al criterio EC
[INFO] 16:54:16:730 Kernel/(12569:12583): El request DESCRIBE se realiz√≥ con √©xito
[INFO] 16:54:16:730 Kernel/(12569:12583): libero request
[INFO] 16:54:23:727 Kernel/(12569:12584): Cambi√≥ el archivo de config
[INFO] 16:54:32:332 Kernel/(12569:12583): Agregue la tabla S al criterio SC
[INFO] 16:54:32:332 Kernel/(12569:12583): Agregue la tabla COSAS al criterio SC
[INFO] 16:54:32:332 Kernel/(12569:12583): Agregue la tabla BEBIDAS al criterio SC
[INFO] 16:54:32:332 Kernel/(12569:12583): Agregue la tabla PELICULAS al criterio SC
[INFO] 16:54:32:332 Kernel/(12569:12583): Agregue la tabla PLATOS_PRINCIPALES al criterio SC
[INFO] 16:54:32:332 Kernel/(12569:12583): Agregue la tabla POSTRES al criterio SC
[INFO] 16:54:32:332 Kernel/(12569:12583): Agregue la tabla AVES al criterio SC
[INFO] 16:54:32:332 Kernel/(12569:12583): Agregue la tabla COLORES al criterio SC
[INFO] 16:54:32:332 Kernel/(12569:12583): Agregue la tabla LULI al criterio EC
[INFO] 16:54:32:332 Kernel/(12569:12583): Agregue la tabla MAMIFEROS al criterio SC
[INFO] 16:54:32:332 Kernel/(12569:12583): Agregue la tabla NOVELAS_ARGENTINAS al criterio SC
[INFO] 16:54:32:332 Kernel/(12569:12583): Agregue la tabla FRUTAS al criterio SC
[INFO] 16:54:32:332 Kernel/(12569:12583): Agregue la tabla MARINOS al criterio SC
[INFO] 16:54:32:332 Kernel/(12569:12583): Agregue la tabla SERIES al criterio SC
[INFO] 16:54:32:332 Kernel/(12569:12583): Agregue la tabla LIBROS al criterio SC
[INFO] 16:54:32:332 Kernel/(12569:12583): Agregue la tabla WILLY al criterio EC
[INFO] 16:54:32:333 Kernel/(12569:12583): Agregue la tabla DAIU al criterio EC
[INFO] 16:54:32:333 Kernel/(12569:12583): Agregue la tabla D al criterio EC
[INFO] 16:54:32:333 Kernel/(12569:12583): El request DESCRIBE se realiz√≥ con √©xito
[INFO] 16:54:32:333 Kernel/(12569:12583): libero request
[INFO] 16:54:38:877 Kernel/(12569:12584): Cambi√≥ el archivo de config
[INFO] 16:54:47:935 Kernel/(12569:12583): Agregue la tabla S al criterio SC
[INFO] 16:54:47:935 Kernel/(12569:12583): Agregue la tabla COSAS al criterio SC
[INFO] 16:54:47:935 Kernel/(12569:12583): Agregue la tabla BEBIDAS al criterio SC
[INFO] 16:54:47:935 Kernel/(12569:12583): Agregue la tabla PELICULAS al criterio SC
[INFO] 16:54:47:935 Kernel/(12569:12583): Agregue la tabla PLATOS_PRINCIPALES al criterio SC
[INFO] 16:54:47:935 Kernel/(12569:12583): Agregue la tabla POSTRES al criterio SC
[INFO] 16:54:47:935 Kernel/(12569:12583): Agregue la tabla AVES al criterio SC
[INFO] 16:54:47:935 Kernel/(12569:12583): Agregue la tabla COLORES al criterio SC
[INFO] 16:54:47:935 Kernel/(12569:12583): Agregue la tabla LULI al criterio EC
[INFO] 16:54:47:935 Kernel/(12569:12583): Agregue la tabla MAMIFEROS al criterio SC
[INFO] 16:54:47:936 Kernel/(12569:12583): Agregue la tabla NOVELAS_ARGENTINAS al criterio SC
[INFO] 16:54:47:936 Kernel/(12569:12583): Agregue la tabla FRUTAS al criterio SC
[INFO] 16:54:47:936 Kernel/(12569:12583): Agregue la tabla MARINOS al criterio SC
[INFO] 16:54:47:936 Kernel/(12569:12583): Agregue la tabla SERIES al criterio SC
[INFO] 16:54:47:936 Kernel/(12569:12583): Agregue la tabla LIBROS al criterio SC
[INFO] 16:54:47:936 Kernel/(12569:12583): Agregue la tabla WILLY al criterio EC
[INFO] 16:54:47:936 Kernel/(12569:12583): Agregue la tabla DAIU al criterio EC
[INFO] 16:54:47:936 Kernel/(12569:12583): Agregue la tabla D al criterio EC
[INFO] 16:54:47:936 Kernel/(12569:12583): El request DESCRIBE se realiz√≥ con √©xito
[INFO] 16:54:47:936 Kernel/(12569:12583): libero request
[INFO] 16:55:03:537 Kernel/(12569:12583): Agregue la tabla S al criterio SC
[INFO] 16:55:03:538 Kernel/(12569:12583): Agregue la tabla COSAS al criterio SC
[INFO] 16:55:03:538 Kernel/(12569:12583): Agregue la tabla BEBIDAS al criterio SC
[INFO] 16:55:03:538 Kernel/(12569:12583): Agregue la tabla PELICULAS al criterio SC
[INFO] 16:55:03:538 Kernel/(12569:12583): Agregue la tabla PLATOS_PRINCIPALES al criterio SC
[INFO] 16:55:03:538 Kernel/(12569:12583): Agregue la tabla POSTRES al criterio SC
[INFO] 16:55:03:538 Kernel/(12569:12583): Agregue la tabla AVES al criterio SC
[INFO] 16:55:03:538 Kernel/(12569:12583): Agregue la tabla COLORES al criterio SC
[INFO] 16:55:03:538 Kernel/(12569:12583): Agregue la tabla LULI al criterio EC
[INFO] 16:55:03:538 Kernel/(12569:12583): Agregue la tabla MAMIFEROS al criterio SC
[INFO] 16:55:03:538 Kernel/(12569:12583): Agregue la tabla NOVELAS_ARGENTINAS al criterio SC
[INFO] 16:55:03:538 Kernel/(12569:12583): Agregue la tabla FRUTAS al criterio SC
[INFO] 16:55:03:538 Kernel/(12569:12583): Agregue la tabla MARINOS al criterio SC
[INFO] 16:55:03:538 Kernel/(12569:12583): Agregue la tabla SERIES al criterio SC
[INFO] 16:55:03:538 Kernel/(12569:12583): Agregue la tabla LIBROS al criterio SC
[INFO] 16:55:03:538 Kernel/(12569:12583): Agregue la tabla WILLY al criterio EC
[INFO] 16:55:03:538 Kernel/(12569:12583): Agregue la tabla DAIU al criterio EC
[INFO] 16:55:03:538 Kernel/(12569:12583): Agregue la tabla D al criterio EC
[INFO] 16:55:03:538 Kernel/(12569:12583): El request DESCRIBE se realiz√≥ con √©xito
[INFO] 16:55:03:538 Kernel/(12569:12583): libero request
[INFO] 17:02:04:999 Kernel/(12735:12735): ----------------INICIO DE KERNEL--------------
[INFO] 17:02:04:999 Kernel/(12735:12777): estoy agregando el ip: 127.0.0.1 puerto: 8001 numero: 1
[INFO] 17:02:10:200 Kernel/(12735:12781): Agregue la tabla S al criterio SC
[INFO] 17:02:10:201 Kernel/(12735:12781): Agregue la tabla COSAS al criterio SC
[INFO] 17:02:10:201 Kernel/(12735:12781): Agregue la tabla BEBIDAS al criterio SC
[INFO] 17:02:10:201 Kernel/(12735:12781): Agregue la tabla PELICULAS al criterio SC
[INFO] 17:02:10:201 Kernel/(12735:12781): Agregue la tabla PLATOS_PRINCIPALES al criterio SC
[INFO] 17:02:10:201 Kernel/(12735:12781): Agregue la tabla POSTRES al criterio SC
[INFO] 17:02:10:201 Kernel/(12735:12781): Agregue la tabla AVES al criterio SC
[INFO] 17:02:10:201 Kernel/(12735:12781): Agregue la tabla COLORES al criterio SC
[INFO] 17:02:10:201 Kernel/(12735:12781): Agregue la tabla LULI al criterio EC
[INFO] 17:02:10:201 Kernel/(12735:12781): Agregue la tabla MAMIFEROS al criterio SC
[INFO] 17:02:10:201 Kernel/(12735:12781): Agregue la tabla NOVELAS_ARGENTINAS al criterio SC
[INFO] 17:02:10:202 Kernel/(12735:12781): Agregue la tabla FRUTAS al criterio SC
[INFO] 17:02:10:202 Kernel/(12735:12781): Agregue la tabla MARINOS al criterio SC
[INFO] 17:02:10:202 Kernel/(12735:12781): Agregue la tabla SERIES al criterio SC
[INFO] 17:02:10:202 Kernel/(12735:12781): Agregue la tabla LIBROS al criterio SC
[INFO] 17:02:10:202 Kernel/(12735:12781): Agregue la tabla WILLY al criterio EC
[INFO] 17:02:10:202 Kernel/(12735:12781): Agregue la tabla DAIU al criterio EC
[INFO] 17:02:10:202 Kernel/(12735:12781): Agregue la tabla D al criterio EC
[INFO] 17:02:10:202 Kernel/(12735:12781): El request DESCRIBE se realiz√≥ con √©xito
[INFO] 17:02:10:202 Kernel/(12735:12781): libero request
[INFO] 17:02:20:741 Kernel/(12735:12782): Cambi√≥ el archivo de config
[INFO] 17:10:46:853 Kernel/(12735:12781): Agregue la tabla S al criterio SC
[INFO] 17:10:46:853 Kernel/(12735:12781): Agregue la tabla COSAS al criterio SC
[INFO] 17:10:46:853 Kernel/(12735:12781): Agregue la tabla BEBIDAS al criterio SC
[INFO] 17:10:46:853 Kernel/(12735:12781): Agregue la tabla PELICULAS al criterio SC
[INFO] 17:10:46:853 Kernel/(12735:12781): Agregue la tabla PLATOS_PRINCIPALES al criterio SC
[INFO] 17:10:46:853 Kernel/(12735:12781): Agregue la tabla POSTRES al criterio SC
[INFO] 17:10:46:853 Kernel/(12735:12781): Agregue la tabla AVES al criterio SC
[INFO] 17:10:46:853 Kernel/(12735:12781): Agregue la tabla COLORES al criterio SC
[INFO] 17:10:46:853 Kernel/(12735:12781): Agregue la tabla LULI al criterio EC
[INFO] 17:10:46:853 Kernel/(12735:12781): Agregue la tabla MAMIFEROS al criterio SC
[INFO] 17:10:46:853 Kernel/(12735:12781): Agregue la tabla NOVELAS_ARGENTINAS al criterio SC
[INFO] 17:10:46:853 Kernel/(12735:12781): Agregue la tabla FRUTAS al criterio SC
[INFO] 17:10:46:853 Kernel/(12735:12781): Agregue la tabla MARINOS al criterio SC
[INFO] 17:10:46:853 Kernel/(12735:12781): Agregue la tabla SERIES al criterio SC
[INFO] 17:10:46:853 Kernel/(12735:12781): Agregue la tabla LIBROS al criterio SC
[INFO] 17:10:46:853 Kernel/(12735:12781): Agregue la tabla WILLY al criterio EC
[INFO] 17:10:46:853 Kernel/(12735:12781): Agregue la tabla DAIU al criterio EC
[INFO] 17:10:46:853 Kernel/(12735:12781): Agregue la tabla D al criterio EC
[INFO] 17:10:46:853 Kernel/(12735:12781): El request DESCRIBE se realiz√≥ con √©xito
[INFO] 17:10:46:853 Kernel/(12735:12781): libero request
[INFO] 17:20:27:288 Kernel/(13220:13220): ----------------INICIO DE KERNEL--------------
[INFO] 17:26:13:40 Kernel/(13572:13572): ----------------INICIO DE KERNEL--------------
[INFO] 17:38:25:366 Kernel/(14251:14251): ----------------INICIO DE KERNEL--------------
[DEBUG] 17:38:30:821 Kernel/(14251:14271): Estoy esperando que se conecte por lo menos una memoria
[DEBUG] 17:38:37:856 Kernel/(14251:14271): Estoy esperando que se conecte por lo menos una memoria
[INFO] 17:38:37:856 Kernel/(14251:14266): estoy agregando el ip: 127.0.0.1 puerto: 8001 numero: 1
[DEBUG] 17:38:40:202 Kernel/(14251:14271): Estoy esperando que se conecte por lo menos una memoria
[DEBUG] 17:38:41:371 Kernel/(14251:14271): Estoy esperando que se conecte por lo menos una memoria
[DEBUG] 17:38:42:372 Kernel/(14251:14271): Estoy esperando que se conecte por lo menos una memoria
[DEBUG] 17:38:43:373 Kernel/(14251:14271): Estoy esperando que se conecte por lo menos una memoria
[DEBUG] 17:38:44:374 Kernel/(14251:14271): Estoy esperando que se conecte por lo menos una memoria
[DEBUG] 17:38:45:375 Kernel/(14251:14271): Estoy esperando que se conecte por lo menos una memoria
[DEBUG] 17:38:46:376 Kernel/(14251:14271): Estoy esperando que se conecte por lo menos una memoria
[DEBUG] 17:38:47:376 Kernel/(14251:14271): Estoy esperando que se conecte por lo menos una memoria
[DEBUG] 17:38:48:377 Kernel/(14251:14271): Estoy esperando que se conecte por lo menos una memoria
[DEBUG] 17:38:49:378 Kernel/(14251:14271): Estoy esperando que se conecte por lo menos una memoria
[DEBUG] 17:38:50:379 Kernel/(14251:14271): Estoy esperando que se conecte por lo menos una memoria
[INFO] 20:24:43:390 Kernel/(27304:27304): ----------------INICIO DE KERNEL--------------
[INFO] 20:24:43:399 Kernel/(27304:27330): estoy agregando el ip: 127.0.0.1 puerto: 8001 numero: 1
[ERROR] 20:24:43:426 Kernel/(27304:27336): El request DESCRIBE no es v√°lido y me lleg√≥ como rta †RIBE
[DEBUG] 20:24:43:428 Kernel/(27304:27336): Le mande a a mem 1
[INFO] 11:05:25:27 Kernel/(14976:14976): ----------------INICIO DE KERNEL--------------
[ERROR] 11:05:25:37 Kernel/(14976:14989): La mem ppal no est√° levantada, conectando con otra memoria...
[ERROR] 11:05:25:52 Kernel/(14976:14993): No puedo hacer DESCRIBE porque no hay memorias levantadas
[INFO] 15:29:29:466 Kernel/(6138:6138): ----------------INICIO DE KERNEL--------------
[INFO] 15:29:29:486 Kernel/(6138:6155): estoy agregando el ip: 127.0.0.1 puerto: 8001 numero: 1
[INFO] 15:29:29:486 Kernel/(6138:6155): estoy agregando el ip: 127.0.0.1 puerto: 8002 numero: 2
[INFO] 15:29:30:150 Kernel/(6138:6159): llego COSAS SC 9 35000;MAQUILLAJES SHC 5 50000;ANIMALS SC 4 60000;BEBIDAS SC 6 10000;PELICULAS SC 2 35000;PLATOS_PRINCIPALES SC 2 60000;METALS SC 6 100000;POSTRES SC 3 60000;AVES SC 5 50000;COLORES SC 2 35000;ANIMALES SC 5 65000;MAMIFEROS SC 3 60000;NOVELAS_ARGENTINAS SC 6 10000;FRUTAS SC 2 50000;MARINOS SC 1 10000;SERIES SC 6 65000;LIBROS SC 2 35000
[INFO] 15:29:30:150 Kernel/(6138:6159): El request DESCRIBE se realiz√≥ con √©xito
[DEBUG] 15:29:30:154 Kernel/(6138:6159): Le mande a a mem 2
[ERROR] 15:30:29:873 Kernel/(6138:6155): La mem 1 no est√° levantada, me voy a conectar con otra memoria
[INFO] 15:31:56:975 Kernel/(6138:6155): estoy agregando el ip: 127.0.0.1 puerto: 8001 numero: 1
[INFO] 04:58:54:126 Kernel/(19317:19317): ----------------INICIO DE KERNEL--------------
[ERROR] 04:58:54:156 Kernel/(19317:19331): No puedo hacer DESCRIBE porque no hay memorias levantadas
[INFO] 04:58:54:169 Kernel/(19317:19327): Me lleg√≥ una nueva memoria en el gossiping, num: 1
[INFO] 05:03:55:760 Kernel/(19638:19638): ----------------INICIO DE KERNEL--------------
[INFO] 05:03:55:774 Kernel/(19638:19646): Me lleg√≥ una nueva memoria en el gossiping, num: 1
[INFO] 05:03:56:437 Kernel/(19638:19650): El request DESCRIBE se realiz√≥ con √©xito
[DEBUG] 05:03:56:438 Kernel/(19638:19650): Le mande a a mem 1
[INFO] 05:04:12:52 Kernel/(19638:19650): El request DESCRIBE se realiz√≥ con √©xito
[DEBUG] 05:04:12:52 Kernel/(19638:19650): Le mande a a mem 1
[ERROR] 05:04:13:807 Kernel/(19638:19646): La mem 1 no est√° levantada, me voy a conectar con otra memoria
[INFO] 05:04:13:808 Kernel/(19638:19646): No hay ninguna memoria levantada, me voy a conectar con la mem ppal
[ERROR] 05:04:16:810 Kernel/(19638:19646): La mem 1 no est√° levantada, me voy a conectar con otra memoria
[INFO] 05:04:16:810 Kernel/(19638:19646): No hay ninguna memoria levantada, me voy a conectar con la mem ppal
[ERROR] 05:04:19:811 Kernel/(19638:19646): La mem 1 no est√° levantada, me voy a conectar con otra memoria
[INFO] 05:04:19:812 Kernel/(19638:19646): No hay ninguna memoria levantada, me voy a conectar con la mem ppal
[ERROR] 05:04:22:817 Kernel/(19638:19646): La mem 1 no est√° levantada, me voy a conectar con otra memoria
[INFO] 05:04:22:817 Kernel/(19638:19646): No hay ninguna memoria levantada, me voy a conectar con la mem ppal
[ERROR] 05:04:25:818 Kernel/(19638:19646): La mem 1 no est√° levantada, me voy a conectar con otra memoria
[INFO] 05:04:25:818 Kernel/(19638:19646): No hay ninguna memoria levantada, me voy a conectar con la mem ppal
[ERROR] 05:04:27:53 Kernel/(19638:19650): No puedo hacer DESCRIBE porque no hay memorias levantadas
[ERROR] 05:04:28:819 Kernel/(19638:19646): La mem 1 no est√° levantada, me voy a conectar con otra memoria
[INFO] 05:04:28:820 Kernel/(19638:19646): No hay ninguna memoria levantada, me voy a conectar con la mem ppal
[ERROR] 05:04:31:824 Kernel/(19638:19646): La mem 1 no est√° levantada, me voy a conectar con otra memoria
[INFO] 05:04:31:824 Kernel/(19638:19646): No hay ninguna memoria levantada, me voy a conectar con la mem ppal
[ERROR] 05:04:34:824 Kernel/(19638:19646): La mem 1 no est√° levantada, me voy a conectar con otra memoria
[INFO] 05:04:34:825 Kernel/(19638:19646): No hay ninguna memoria levantada, me voy a conectar con la mem ppal
[ERROR] 05:04:37:827 Kernel/(19638:19646): La mem 1 no est√° levantada, me voy a conectar con otra memoria
[INFO] 05:04:37:827 Kernel/(19638:19646): No hay ninguna memoria levantada, me voy a conectar con la mem ppal
[ERROR] 05:04:40:829 Kernel/(19638:19646): La mem 1 no est√° levantada, me voy a conectar con otra memoria
[INFO] 05:04:40:829 Kernel/(19638:19646): No hay ninguna memoria levantada, me voy a conectar con la mem ppal
[ERROR] 05:04:42:54 Kernel/(19638:19650): No puedo hacer DESCRIBE porque no hay memorias levantadas
[ERROR] 05:04:43:833 Kernel/(19638:19646): La mem 1 no est√° levantada, me voy a conectar con otra memoria
[INFO] 05:04:43:833 Kernel/(19638:19646): No hay ninguna memoria levantada, me voy a conectar con la mem ppal
[ERROR] 05:04:46:834 Kernel/(19638:19646): La mem 1 no est√° levantada, me voy a conectar con otra memoria
[INFO] 05:04:46:835 Kernel/(19638:19646): No hay ninguna memoria levantada, me voy a conectar con la mem ppal
[ERROR] 05:04:49:835 Kernel/(19638:19646): La mem 1 no est√° levantada, me voy a conectar con otra memoria
[INFO] 05:04:49:835 Kernel/(19638:19646): No hay ninguna memoria levantada, me voy a conectar con la mem ppal
[ERROR] 05:04:52:836 Kernel/(19638:19646): La mem 1 no est√° levantada, me voy a conectar con otra memoria
[INFO] 05:04:52:836 Kernel/(19638:19646): No hay ninguna memoria levantada, me voy a conectar con la mem ppal
[ERROR] 05:04:55:837 Kernel/(19638:19646): La mem 1 no est√° levantada, me voy a conectar con otra memoria
[INFO] 05:04:55:837 Kernel/(19638:19646): No hay ninguna memoria levantada, me voy a conectar con la mem ppal
[ERROR] 05:04:57:56 Kernel/(19638:19650): No puedo hacer DESCRIBE porque no hay memorias levantadas
[ERROR] 05:04:58:838 Kernel/(19638:19646): La mem 1 no est√° levantada, me voy a conectar con otra memoria
[INFO] 05:04:58:839 Kernel/(19638:19646): No hay ninguna memoria levantada, me voy a conectar con la mem ppal
[ERROR] 05:05:01:839 Kernel/(19638:19646): La mem 1 no est√° levantada, me voy a conectar con otra memoria
[INFO] 05:05:01:839 Kernel/(19638:19646): No hay ninguna memoria levantada, me voy a conectar con la mem ppal
[ERROR] 05:05:04:841 Kernel/(19638:19646): La mem 1 no est√° levantada, me voy a conectar con otra memoria
[INFO] 05:05:04:841 Kernel/(19638:19646): No hay ninguna memoria levantada, me voy a conectar con la mem ppal
[ERROR] 05:05:07:842 Kernel/(19638:19646): La mem 1 no est√° levantada, me voy a conectar con otra memoria
[INFO] 05:05:07:843 Kernel/(19638:19646): No hay ninguna memoria levantada, me voy a conectar con la mem ppal
[ERROR] 05:05:10:845 Kernel/(19638:19646): La mem 1 no est√° levantada, me voy a conectar con otra memoria
[INFO] 05:05:10:845 Kernel/(19638:19646): No hay ninguna memoria levantada, me voy a conectar con la mem ppal
[ERROR] 05:05:12:57 Kernel/(19638:19650): No puedo hacer DESCRIBE porque no hay memorias levantadas
[ERROR] 05:05:13:846 Kernel/(19638:19646): La mem 1 no est√° levantada, me voy a conectar con otra memoria
[INFO] 05:05:13:846 Kernel/(19638:19646): No hay ninguna memoria levantada, me voy a conectar con la mem ppal
[ERROR] 05:05:16:846 Kernel/(19638:19646): La mem 1 no est√° levantada, me voy a conectar con otra memoria
[INFO] 05:05:16:847 Kernel/(19638:19646): No hay ninguna memoria levantada, me voy a conectar con la mem ppal
[ERROR] 05:05:19:848 Kernel/(19638:19646): La mem 1 no est√° levantada, me voy a conectar con otra memoria
[INFO] 05:05:19:848 Kernel/(19638:19646): No hay ninguna memoria levantada, me voy a conectar con la mem ppal
[ERROR] 05:05:22:848 Kernel/(19638:19646): La mem 1 no est√° levantada, me voy a conectar con otra memoria
[INFO] 05:05:22:849 Kernel/(19638:19646): No hay ninguna memoria levantada, me voy a conectar con la mem ppal
[ERROR] 05:05:25:850 Kernel/(19638:19646): La mem 1 no est√° levantada, me voy a conectar con otra memoria
[INFO] 05:05:25:850 Kernel/(19638:19646): No hay ninguna memoria levantada, me voy a conectar con la mem ppal
[ERROR] 05:05:27:58 Kernel/(19638:19650): No puedo hacer DESCRIBE porque no hay memorias levantadas
[ERROR] 05:05:28:850 Kernel/(19638:19646): La mem 1 no est√° levantada, me voy a conectar con otra memoria
[INFO] 05:05:28:851 Kernel/(19638:19646): No hay ninguna memoria levantada, me voy a conectar con la mem ppal
[ERROR] 05:05:31:852 Kernel/(19638:19646): La mem 1 no est√° levantada, me voy a conectar con otra memoria
[INFO] 05:05:31:852 Kernel/(19638:19646): No hay ninguna memoria levantada, me voy a conectar con la mem ppal
[ERROR] 05:05:34:852 Kernel/(19638:19646): La mem 1 no est√° levantada, me voy a conectar con otra memoria
[INFO] 05:05:34:853 Kernel/(19638:19646): No hay ninguna memoria levantada, me voy a conectar con la mem ppal
[ERROR] 05:05:37:854 Kernel/(19638:19646): La mem 1 no est√° levantada, me voy a conectar con otra memoria
[INFO] 05:05:37:854 Kernel/(19638:19646): No hay ninguna memoria levantada, me voy a conectar con la mem ppal
[ERROR] 05:05:40:854 Kernel/(19638:19646): La mem 1 no est√° levantada, me voy a conectar con otra memoria
[INFO] 05:05:40:855 Kernel/(19638:19646): No hay ninguna memoria levantada, me voy a conectar con la mem ppal
[ERROR] 05:05:42:59 Kernel/(19638:19650): No puedo hacer DESCRIBE porque no hay memorias levantadas
[ERROR] 05:05:43:857 Kernel/(19638:19646): La mem 1 no est√° levantada, me voy a conectar con otra memoria
[INFO] 05:05:43:858 Kernel/(19638:19646): No hay ninguna memoria levantada, me voy a conectar con la mem ppal
[ERROR] 05:05:46:858 Kernel/(19638:19646): La mem 1 no est√° levantada, me voy a conectar con otra memoria
[INFO] 05:05:46:858 Kernel/(19638:19646): No hay ninguna memoria levantada, me voy a conectar con la mem ppal
[ERROR] 05:05:49:859 Kernel/(19638:19646): La mem 1 no est√° levantada, me voy a conectar con otra memoria
[INFO] 05:05:49:859 Kernel/(19638:19646): No hay ninguna memoria levantada, me voy a conectar con la mem ppal
[ERROR] 05:05:52:861 Kernel/(19638:19646): La mem 1 no est√° levantada, me voy a conectar con otra memoria
[INFO] 05:05:52:861 Kernel/(19638:19646): No hay ninguna memoria levantada, me voy a conectar con la mem ppal
[ERROR] 05:05:55:862 Kernel/(19638:19646): La mem 1 no est√° levantada, me voy a conectar con otra memoria
[INFO] 05:05:55:862 Kernel/(19638:19646): No hay ninguna memoria levantada, me voy a conectar con la mem ppal
[ERROR] 05:05:57:61 Kernel/(19638:19650): No puedo hacer DESCRIBE porque no hay memorias levantadas
[ERROR] 05:05:58:863 Kernel/(19638:19646): La mem 1 no est√° levantada, me voy a conectar con otra memoria
[INFO] 05:05:58:864 Kernel/(19638:19646): No hay ninguna memoria levantada, me voy a conectar con la mem ppal
[ERROR] 05:06:01:864 Kernel/(19638:19646): La mem 1 no est√° levantada, me voy a conectar con otra memoria
[INFO] 05:06:01:867 Kernel/(19638:19646): No hay ninguna memoria levantada, me voy a conectar con la mem ppal
[ERROR] 05:06:04:867 Kernel/(19638:19646): La mem 1 no est√° levantada, me voy a conectar con otra memoria
[INFO] 05:06:04:868 Kernel/(19638:19646): No hay ninguna memoria levantada, me voy a conectar con la mem ppal
[ERROR] 05:06:07:870 Kernel/(19638:19646): La mem 1 no est√° levantada, me voy a conectar con otra memoria
[INFO] 05:06:07:870 Kernel/(19638:19646): No hay ninguna memoria levantada, me voy a conectar con la mem ppal
[ERROR] 05:06:10:871 Kernel/(19638:19646): La mem 1 no est√° levantada, me voy a conectar con otra memoria
[INFO] 05:06:10:871 Kernel/(19638:19646): No hay ninguna memoria levantada, me voy a conectar con la mem ppal
[ERROR] 05:06:12:61 Kernel/(19638:19650): No puedo hacer DESCRIBE porque no hay memorias levantadas
[ERROR] 05:06:13:872 Kernel/(19638:19646): La mem 1 no est√° levantada, me voy a conectar con otra memoria
[INFO] 05:06:13:872 Kernel/(19638:19646): No hay ninguna memoria levantada, me voy a conectar con la mem ppal
[ERROR] 05:06:16:873 Kernel/(19638:19646): La mem 1 no est√° levantada, me voy a conectar con otra memoria
[INFO] 05:06:16:873 Kernel/(19638:19646): No hay ninguna memoria levantada, me voy a conectar con la mem ppal
[ERROR] 05:06:19:874 Kernel/(19638:19646): La mem 1 no est√° levantada, me voy a conectar con otra memoria
[INFO] 05:06:19:874 Kernel/(19638:19646): No hay ninguna memoria levantada, me voy a conectar con la mem ppal
[ERROR] 05:06:22:874 Kernel/(19638:19646): La mem 1 no est√° levantada, me voy a conectar con otra memoria
[INFO] 05:06:22:875 Kernel/(19638:19646): No hay ninguna memoria levantada, me voy a conectar con la mem ppal
[ERROR] 05:06:25:876 Kernel/(19638:19646): La mem 1 no est√° levantada, me voy a conectar con otra memoria
[INFO] 05:06:25:877 Kernel/(19638:19646): No hay ninguna memoria levantada, me voy a conectar con la mem ppal
[ERROR] 05:06:27:62 Kernel/(19638:19650): No puedo hacer DESCRIBE porque no hay memorias levantadas
[ERROR] 05:06:28:877 Kernel/(19638:19646): La mem 1 no est√° levantada, me voy a conectar con otra memoria
[INFO] 05:06:28:878 Kernel/(19638:19646): No hay ninguna memoria levantada, me voy a conectar con la mem ppal
[ERROR] 05:06:31:879 Kernel/(19638:19646): La mem 1 no est√° levantada, me voy a conectar con otra memoria
[INFO] 05:06:31:879 Kernel/(19638:19646): No hay ninguna memoria levantada, me voy a conectar con la mem ppal
[ERROR] 05:06:34:881 Kernel/(19638:19646): La mem 1 no est√° levantada, me voy a conectar con otra memoria
[INFO] 05:06:34:881 Kernel/(19638:19646): No hay ninguna memoria levantada, me voy a conectar con la mem ppal
[INFO] 23:29:00:328 Kernel/(27248:27248): ----------------INICIO DE KERNEL--------------
[ERROR] 23:29:01:581 Kernel/(27248:27273): No puedo hacer DESCRIBE porque no hay memorias levantadas
[ERROR] 23:29:24:976 Kernel/(27248:27267): La mem ppal no est√° levantada
[INFO] 23:29:31:725 Kernel/(27248:27267): Gossiping
[INFO] 23:29:36:44 Kernel/(27248:27267): No hay ninguna memoria levantada, me voy a conectar con la mem ppal
